{"/home/travis/build/npmtest/node-npmtest-plates/test.js":{"path":"/home/travis/build/npmtest/node-npmtest-plates/test.js","s":{"1":2,"2":2,"3":2,"4":2,"5":2,"6":2,"7":2,"8":1,"9":2,"10":2,"11":1,"12":1,"13":1,"14":1,"15":2,"16":2,"17":2,"18":2,"19":1,"20":1,"21":2,"22":2,"23":2,"24":1,"25":1,"26":1,"27":1,"28":1,"29":1,"30":1,"31":1,"32":1,"33":1,"34":1,"35":1,"36":1,"37":1,"38":1,"39":2,"40":2,"41":1,"42":2,"43":2,"44":1,"45":2,"46":2,"47":1,"48":2,"49":2,"50":1,"51":1,"52":1,"53":1,"54":1},"b":{"1":[2,1,1,1],"2":[1,1,1,1],"3":[1,1],"4":[1,1],"5":[1,1],"6":[1,1],"7":[1,1],"8":[1,1],"9":[1,1],"10":[1,1,1],"11":[1,1],"12":[1,1],"13":[1,1],"14":[1,1],"15":[1,1],"16":[1,1],"17":[1,1]},"f":{"1":2,"2":2,"3":2,"4":2,"5":2,"6":1,"7":1,"8":1,"9":2,"10":2,"11":2,"12":2,"13":1},"fnMap":{"1":{"name":"(anonymous_1)","line":12,"loc":{"start":{"line":12,"column":1},"end":{"line":12,"column":13}}},"2":{"name":"(anonymous_2)","line":19,"loc":{"start":{"line":19,"column":5},"end":{"line":19,"column":17}}},"3":{"name":"(anonymous_3)","line":23,"loc":{"start":{"line":23,"column":24},"end":{"line":23,"column":36}}},"4":{"name":"(anonymous_4)","line":61,"loc":{"start":{"line":61,"column":5},"end":{"line":61,"column":17}}},"5":{"name":"(anonymous_5)","line":82,"loc":{"start":{"line":82,"column":5},"end":{"line":82,"column":17}}},"6":{"name":"(anonymous_6)","line":91,"loc":{"start":{"line":91,"column":77},"end":{"line":94,"column":10}}},"7":{"name":"(anonymous_7)","line":112,"loc":{"start":{"line":112,"column":83},"end":{"line":115,"column":10}},"skip":true},"8":{"name":"(anonymous_8)","line":123,"loc":{"start":{"line":123,"column":77},"end":{"line":126,"column":10}},"skip":true},"9":{"name":"(anonymous_9)","line":139,"loc":{"start":{"line":139,"column":12},"end":{"line":139,"column":40}},"skip":true},"10":{"name":"(anonymous_10)","line":147,"loc":{"start":{"line":147,"column":77},"end":{"line":150,"column":10}},"skip":true},"11":{"name":"(anonymous_11)","line":158,"loc":{"start":{"line":158,"column":83},"end":{"line":161,"column":10}},"skip":true},"12":{"name":"(anonymous_12)","line":169,"loc":{"start":{"line":169,"column":79},"end":{"line":172,"column":10}},"skip":true},"13":{"name":"(anonymous_13)","line":180,"loc":{"start":{"line":180,"column":75},"end":{"line":183,"column":10}},"skip":true}},"statementMap":{"1":{"start":{"line":12,"column":0},"end":{"line":195,"column":5}},"2":{"start":{"line":14,"column":4},"end":{"line":14,"column":14}},"3":{"start":{"line":19,"column":4},"end":{"line":56,"column":9}},"4":{"start":{"line":21,"column":8},"end":{"line":21,"column":19}},"5":{"start":{"line":23,"column":8},"end":{"line":35,"column":13}},"6":{"start":{"line":24,"column":12},"end":{"line":34,"column":13}},"7":{"start":{"line":25,"column":16},"end":{"line":28,"column":30}},"8":{"start":{"line":30,"column":16},"end":{"line":33,"column":27}},"9":{"start":{"line":37,"column":8},"end":{"line":39,"column":21}},"10":{"start":{"line":40,"column":8},"end":{"line":53,"column":9}},"11":{"start":{"line":43,"column":12},"end":{"line":46,"column":14}},"12":{"start":{"line":47,"column":12},"end":{"line":47,"column":18}},"13":{"start":{"line":50,"column":12},"end":{"line":51,"column":33}},"14":{"start":{"line":52,"column":12},"end":{"line":52,"column":18}},"15":{"start":{"line":55,"column":8},"end":{"line":55,"column":35}},"16":{"start":{"line":61,"column":4},"end":{"line":63,"column":9}},"17":{"start":{"line":62,"column":8},"end":{"line":62,"column":15}},"18":{"start":{"line":64,"column":4},"end":{"line":77,"column":5}},"19":{"start":{"line":70,"column":8},"end":{"line":70,"column":14}},"20":{"start":{"line":76,"column":8},"end":{"line":76,"column":14}},"21":{"start":{"line":82,"column":4},"end":{"line":84,"column":9}},"22":{"start":{"line":83,"column":8},"end":{"line":83,"column":15}},"23":{"start":{"line":85,"column":4},"end":{"line":194,"column":5}},"24":{"start":{"line":91,"column":8},"end":{"line":99,"column":10}},"25":{"start":{"line":98,"column":12},"end":{"line":98,"column":35}},"26":{"start":{"line":102,"column":8},"end":{"line":104,"column":63}},"27":{"start":{"line":105,"column":8},"end":{"line":105,"column":14}},"28":{"start":{"line":112,"column":8},"end":{"line":121,"column":10},"skip":true},"29":{"start":{"line":119,"column":12},"end":{"line":119,"column":55},"skip":true},"30":{"start":{"line":120,"column":12},"end":{"line":120,"column":48},"skip":true},"31":{"start":{"line":123,"column":8},"end":{"line":136,"column":10},"skip":true},"32":{"start":{"line":130,"column":12},"end":{"line":130,"column":76},"skip":true},"33":{"start":{"line":131,"column":12},"end":{"line":131,"column":73},"skip":true},"34":{"start":{"line":132,"column":12},"end":{"line":132,"column":74},"skip":true},"35":{"start":{"line":133,"column":12},"end":{"line":133,"column":79},"skip":true},"36":{"start":{"line":134,"column":12},"end":{"line":134,"column":25},"skip":true},"37":{"start":{"line":135,"column":12},"end":{"line":135,"column":45},"skip":true},"38":{"start":{"line":138,"column":8},"end":{"line":145,"column":14},"skip":true},"39":{"start":{"line":143,"column":16},"end":{"line":143,"column":29},"skip":true},"40":{"start":{"line":144,"column":16},"end":{"line":144,"column":55},"skip":true},"41":{"start":{"line":147,"column":8},"end":{"line":156,"column":10},"skip":true},"42":{"start":{"line":154,"column":12},"end":{"line":154,"column":25},"skip":true},"43":{"start":{"line":155,"column":12},"end":{"line":155,"column":45},"skip":true},"44":{"start":{"line":158,"column":8},"end":{"line":167,"column":10},"skip":true},"45":{"start":{"line":165,"column":12},"end":{"line":165,"column":25},"skip":true},"46":{"start":{"line":166,"column":12},"end":{"line":166,"column":48},"skip":true},"47":{"start":{"line":169,"column":8},"end":{"line":178,"column":10},"skip":true},"48":{"start":{"line":176,"column":12},"end":{"line":176,"column":25},"skip":true},"49":{"start":{"line":177,"column":12},"end":{"line":177,"column":46},"skip":true},"50":{"start":{"line":180,"column":8},"end":{"line":189,"column":10},"skip":true},"51":{"start":{"line":187,"column":12},"end":{"line":187,"column":94},"skip":true},"52":{"start":{"line":188,"column":12},"end":{"line":188,"column":48},"skip":true},"53":{"start":{"line":192,"column":8},"end":{"line":192,"column":35},"skip":true},"54":{"start":{"line":193,"column":8},"end":{"line":193,"column":14},"skip":true}},"branchMap":{"1":{"line":25,"type":"binary-expr","locations":[{"start":{"line":25,"column":23},"end":{"line":25,"column":62}},{"start":{"line":26,"column":20},"end":{"line":26,"column":70}},{"start":{"line":27,"column":20},"end":{"line":27,"column":71}},{"start":{"line":28,"column":20},"end":{"line":28,"column":29}}]},"2":{"line":30,"type":"binary-expr","locations":[{"start":{"line":30,"column":23},"end":{"line":30,"column":37}},{"start":{"line":31,"column":20},"end":{"line":31,"column":61}},{"start":{"line":32,"column":20},"end":{"line":32,"column":70}},{"start":{"line":33,"column":20},"end":{"line":33,"column":26}}]},"3":{"line":37,"type":"cond-expr","locations":[{"start":{"line":38,"column":14},"end":{"line":38,"column":20}},{"start":{"line":39,"column":14},"end":{"line":39,"column":20}}]},"4":{"line":40,"type":"switch","locations":[{"start":{"line":42,"column":8},"end":{"line":47,"column":18}},{"start":{"line":49,"column":8},"end":{"line":52,"column":18}}]},"5":{"line":44,"type":"binary-expr","locations":[{"start":{"line":44,"column":16},"end":{"line":44,"column":44}},{"start":{"line":44,"column":48},"end":{"line":44,"column":66}}]},"6":{"line":50,"type":"binary-expr","locations":[{"start":{"line":50,"column":21},"end":{"line":50,"column":49}},{"start":{"line":50,"column":53},"end":{"line":50,"column":72}}]},"7":{"line":64,"type":"switch","locations":[{"start":{"line":69,"column":4},"end":{"line":70,"column":14}},{"start":{"line":75,"column":4},"end":{"line":76,"column":14}}]},"8":{"line":85,"type":"switch","locations":[{"start":{"line":90,"column":4},"end":{"line":105,"column":14}},{"start":{"line":111,"column":4},"end":{"line":193,"column":14},"skip":true}]},"9":{"line":91,"type":"binary-expr","locations":[{"start":{"line":91,"column":42},"end":{"line":91,"column":73}},{"start":{"line":91,"column":77},"end":{"line":99,"column":9}}]},"10":{"line":102,"type":"binary-expr","locations":[{"start":{"line":102,"column":18},"end":{"line":102,"column":32}},{"start":{"line":103,"column":12},"end":{"line":103,"column":53}},{"start":{"line":104,"column":12},"end":{"line":104,"column":61}}]},"11":{"line":112,"type":"binary-expr","locations":[{"start":{"line":112,"column":45},"end":{"line":112,"column":79},"skip":true},{"start":{"line":112,"column":83},"end":{"line":121,"column":9},"skip":true}]},"12":{"line":123,"type":"binary-expr","locations":[{"start":{"line":123,"column":42},"end":{"line":123,"column":73},"skip":true},{"start":{"line":123,"column":77},"end":{"line":136,"column":9},"skip":true}]},"13":{"line":138,"type":"binary-expr","locations":[{"start":{"line":138,"column":48},"end":{"line":138,"column":85},"skip":true},{"start":{"line":139,"column":12},"end":{"line":145,"column":13},"skip":true}]},"14":{"line":147,"type":"binary-expr","locations":[{"start":{"line":147,"column":42},"end":{"line":147,"column":73},"skip":true},{"start":{"line":147,"column":77},"end":{"line":156,"column":9},"skip":true}]},"15":{"line":158,"type":"binary-expr","locations":[{"start":{"line":158,"column":45},"end":{"line":158,"column":79},"skip":true},{"start":{"line":158,"column":83},"end":{"line":167,"column":9},"skip":true}]},"16":{"line":169,"type":"binary-expr","locations":[{"start":{"line":169,"column":43},"end":{"line":169,"column":75},"skip":true},{"start":{"line":169,"column":79},"end":{"line":178,"column":9},"skip":true}]},"17":{"line":180,"type":"binary-expr","locations":[{"start":{"line":180,"column":41},"end":{"line":180,"column":71},"skip":true},{"start":{"line":180,"column":75},"end":{"line":189,"column":9},"skip":true}]}},"code":["/* istanbul instrument in package npmtest_plates */","/*jslint","    bitwise: true,","    browser: true,","    maxerr: 8,","    maxlen: 96,","    node: true,","    nomen: true,","    regexp: true,","    stupid: true","*/","(function () {","    'use strict';","    var local;","","","","    // run shared js-env code - pre-init","    (function () {","        // init local","        local = {};","        // init modeJs","        local.modeJs = (function () {","            try {","                return typeof navigator.userAgent === 'string' &&","                    typeof document.querySelector('body') === 'object' &&","                    typeof XMLHttpRequest.prototype.open === 'function' &&","                    'browser';","            } catch (errorCaughtBrowser) {","                return module.exports &&","                    typeof process.versions.node === 'string' &&","                    typeof require('http').createServer === 'function' &&","                    'node';","            }","        }());","        // init global","        local.global = local.modeJs === 'browser'","            ? window","            : global;","        switch (local.modeJs) {","        // re-init local from window.local","        case 'browser':","            local = local.global.utility2.objectSetDefault(","                local.global.utility2_rollup || local.global.local,","                local.global.utility2","            );","            break;","        // re-init local from example.js","        case 'node':","            local = (local.global.utility2_rollup || require('utility2'))","                .requireReadme();","            break;","        }","        // export local","        local.global.local = local;","    }());","","","","    // run shared js-env code - function","    (function () {","        return;","    }());","    switch (local.modeJs) {","","","","    // run browser js-env code - function","    case 'browser':","        break;","","","","    // run node js-env code - function","    case 'node':","        break;","    }","","","","    // run shared js-env code - post-init","    (function () {","        return;","    }());","    switch (local.modeJs) {","","","","    // run browser js-env code - post-init","    case 'browser':","        local.testCase_browser_nullCase = local.testCase_browser_nullCase || function (","            options,","            onError","        ) {","        /*","         * this function will test browsers's null-case handling-behavior-behavior","         */","            onError(null, options);","        };","","        // run tests","        local.nop(local.modeTest &&","            document.querySelector('#testRunButton1') &&","            document.querySelector('#testRunButton1').click());","        break;","","","","    // run node js-env code - post-init","    /* istanbul ignore next */","    case 'node':","        local.testCase_buildApidoc_default = local.testCase_buildApidoc_default || function (","            options,","            onError","        ) {","        /*","         * this function will test buildApidoc's default handling-behavior-behavior","         */","            options = { modulePathList: module.paths };","            local.buildApidoc(options, onError);","        };","","        local.testCase_buildApp_default = local.testCase_buildApp_default || function (","            options,","            onError","        ) {","        /*","         * this function will test buildApp's default handling-behavior-behavior","         */","            local.testCase_buildReadme_default(options, local.onErrorThrow);","            local.testCase_buildLib_default(options, local.onErrorThrow);","            local.testCase_buildTest_default(options, local.onErrorThrow);","            local.testCase_buildCustomOrg_default(options, local.onErrorThrow);","            options = [];","            local.buildApp(options, onError);","        };","","        local.testCase_buildCustomOrg_default = local.testCase_buildCustomOrg_default ||","            function (options, onError) {","            /*","             * this function will test buildCustomOrg's default handling-behavior","             */","                options = {};","                local.buildCustomOrg(options, onError);","            };","","        local.testCase_buildLib_default = local.testCase_buildLib_default || function (","            options,","            onError","        ) {","        /*","         * this function will test buildLib's default handling-behavior","         */","            options = {};","            local.buildLib(options, onError);","        };","","        local.testCase_buildReadme_default = local.testCase_buildReadme_default || function (","            options,","            onError","        ) {","        /*","         * this function will test buildReadme's default handling-behavior-behavior","         */","            options = {};","            local.buildReadme(options, onError);","        };","","        local.testCase_buildTest_default = local.testCase_buildTest_default || function (","            options,","            onError","        ) {","        /*","         * this function will test buildTest's default handling-behavior","         */","            options = {};","            local.buildTest(options, onError);","        };","","        local.testCase_webpage_default = local.testCase_webpage_default || function (","            options,","            onError","        ) {","        /*","         * this function will test webpage's default handling-behavior","         */","            options = { modeCoverageMerge: true, url: local.serverLocalHost + '?modeTest=1' };","            local.browserTest(options, onError);","        };","","        // run test-server","        local.testRunServer(local);","        break;","    }","}());",""],"l":{"12":2,"14":2,"19":2,"21":2,"23":2,"24":2,"25":2,"30":1,"37":2,"40":2,"43":1,"47":1,"50":1,"52":1,"55":2,"61":2,"62":2,"64":2,"70":1,"76":1,"82":2,"83":2,"85":2,"91":1,"98":1,"102":1,"105":1,"112":1,"119":1,"120":1,"123":1,"130":1,"131":1,"132":1,"133":1,"134":1,"135":1,"138":1,"143":2,"144":2,"147":1,"154":2,"155":2,"158":1,"165":2,"166":2,"169":1,"176":2,"177":2,"180":1,"187":1,"188":1,"192":1,"193":1}},"/home/travis/build/npmtest/node-npmtest-plates/lib.npmtest_plates.js":{"path":"/home/travis/build/npmtest/node-npmtest-plates/lib.npmtest_plates.js","s":{"1":2,"2":2,"3":2,"4":2,"5":2,"6":2,"7":2,"8":1,"9":2,"10":2,"11":2,"12":2,"13":1,"14":1,"15":1,"16":1},"b":{"1":[2,1,1,1],"2":[1,1,1,1],"3":[1,1],"4":[2,2],"5":[1,1]},"f":{"1":2,"2":2,"3":2},"fnMap":{"1":{"name":"(anonymous_1)","line":12,"loc":{"start":{"line":12,"column":1},"end":{"line":12,"column":13}}},"2":{"name":"(anonymous_2)","line":19,"loc":{"start":{"line":19,"column":5},"end":{"line":19,"column":17}}},"3":{"name":"(anonymous_3)","line":23,"loc":{"start":{"line":23,"column":24},"end":{"line":23,"column":36}}}},"statementMap":{"1":{"start":{"line":12,"column":0},"end":{"line":53,"column":5}},"2":{"start":{"line":14,"column":4},"end":{"line":14,"column":14}},"3":{"start":{"line":19,"column":4},"end":{"line":52,"column":9}},"4":{"start":{"line":21,"column":8},"end":{"line":21,"column":19}},"5":{"start":{"line":23,"column":8},"end":{"line":35,"column":13}},"6":{"start":{"line":24,"column":12},"end":{"line":34,"column":13}},"7":{"start":{"line":25,"column":16},"end":{"line":28,"column":30}},"8":{"start":{"line":30,"column":16},"end":{"line":33,"column":27}},"9":{"start":{"line":37,"column":8},"end":{"line":39,"column":21}},"10":{"start":{"line":41,"column":8},"end":{"line":41,"column":54}},"11":{"start":{"line":43,"column":8},"end":{"line":43,"column":51}},"12":{"start":{"line":45,"column":8},"end":{"line":51,"column":9}},"13":{"start":{"line":46,"column":12},"end":{"line":46,"column":57}},"14":{"start":{"line":48,"column":12},"end":{"line":48,"column":35}},"15":{"start":{"line":49,"column":12},"end":{"line":49,"column":49}},"16":{"start":{"line":50,"column":12},"end":{"line":50,"column":43}}},"branchMap":{"1":{"line":25,"type":"binary-expr","locations":[{"start":{"line":25,"column":23},"end":{"line":25,"column":62}},{"start":{"line":26,"column":20},"end":{"line":26,"column":70}},{"start":{"line":27,"column":20},"end":{"line":27,"column":71}},{"start":{"line":28,"column":20},"end":{"line":28,"column":29}}]},"2":{"line":30,"type":"binary-expr","locations":[{"start":{"line":30,"column":23},"end":{"line":30,"column":37}},{"start":{"line":31,"column":20},"end":{"line":31,"column":61}},{"start":{"line":32,"column":20},"end":{"line":32,"column":70}},{"start":{"line":33,"column":20},"end":{"line":33,"column":26}}]},"3":{"line":37,"type":"cond-expr","locations":[{"start":{"line":38,"column":14},"end":{"line":38,"column":20}},{"start":{"line":39,"column":14},"end":{"line":39,"column":20}}]},"4":{"line":41,"type":"binary-expr","locations":[{"start":{"line":41,"column":16},"end":{"line":41,"column":44}},{"start":{"line":41,"column":48},"end":{"line":41,"column":53}}]},"5":{"line":45,"type":"if","locations":[{"start":{"line":45,"column":8},"end":{"line":45,"column":8}},{"start":{"line":45,"column":8},"end":{"line":45,"column":8}}]}},"code":["/* istanbul instrument in package npmtest_plates */","/*jslint","    bitwise: true,","    browser: true,","    maxerr: 8,","    maxlen: 96,","    node: true,","    nomen: true,","    regexp: true,","    stupid: true","*/","(function () {","    'use strict';","    var local;","","","","    // run shared js-env code - pre-init","    (function () {","        // init local","        local = {};","        // init modeJs","        local.modeJs = (function () {","            try {","                return typeof navigator.userAgent === 'string' &&","                    typeof document.querySelector('body') === 'object' &&","                    typeof XMLHttpRequest.prototype.open === 'function' &&","                    'browser';","            } catch (errorCaughtBrowser) {","                return module.exports &&","                    typeof process.versions.node === 'string' &&","                    typeof require('http').createServer === 'function' &&","                    'node';","            }","        }());","        // init global","        local.global = local.modeJs === 'browser'","            ? window","            : global;","        // init utility2_rollup","        local = local.global.utility2_rollup || local;","        // init lib","        local.local = local.npmtest_plates = local;","        // init exports","        if (local.modeJs === 'browser') {","            local.global.utility2_npmtest_plates = local;","        } else {","            module.exports = local;","            module.exports.__dirname = __dirname;","            module.exports.module = module;","        }","    }());","}());",""],"l":{"12":2,"14":2,"19":2,"21":2,"23":2,"24":2,"25":2,"30":1,"37":2,"41":2,"43":2,"45":2,"46":1,"48":1,"49":1,"50":1}},"/home/travis/build/npmtest/node-npmtest-plates/example.js":{"path":"/home/travis/build/npmtest/node-npmtest-plates/example.js","s":{"1":2,"2":2,"3":2,"4":2,"5":2,"6":2,"7":2,"8":1,"9":2,"10":2,"11":2,"12":2,"13":1,"14":2,"15":2,"16":2,"17":2,"18":2,"19":0,"20":2,"21":1,"22":1,"23":1,"24":1,"25":1,"26":0,"27":0,"28":1,"29":1,"30":2,"31":0,"32":0,"33":0,"34":1,"35":2,"36":2,"37":3,"38":3,"39":3,"40":3,"41":0,"42":3,"43":3,"44":3,"45":1,"46":3,"47":1,"48":1,"49":1,"50":1,"51":1,"52":1,"53":1,"54":1,"55":1,"56":1,"57":0,"58":1,"59":6,"60":6,"61":1,"62":2,"63":0,"64":2,"65":1,"66":1,"67":0,"68":0,"69":0,"70":0,"71":0,"72":0,"73":0,"74":0,"75":0,"76":0,"77":0,"78":0,"79":0,"80":0,"81":0,"82":0,"83":0},"b":{"1":[2,1,1,1],"2":[1,1,1,1],"3":[1,1],"4":[2,2],"5":[1,1],"6":[1,1],"7":[2,0],"8":[2,1,1,1,1,1],"9":[0,2,0],"10":[1,1],"11":[2,1,1],"12":[1,0],"13":[0,2],"14":[2,0,0,0,0,0,0],"15":[0,3],"16":[3,0],"17":[1,1],"18":[0,1],"19":[1,2,0,2],"20":[1,0],"21":[1,1],"22":[0,0],"23":[0,0],"24":[0,0],"25":[0,0],"26":[0,0],"27":[0,0],"28":[0,0]},"f":{"1":2,"2":2,"3":2,"4":2,"5":2,"6":2,"7":3,"8":3,"9":3,"10":1,"11":6,"12":0},"fnMap":{"1":{"name":"(anonymous_1)","line":26,"loc":{"start":{"line":26,"column":1},"end":{"line":26,"column":13}}},"2":{"name":"(anonymous_2)","line":33,"loc":{"start":{"line":33,"column":5},"end":{"line":33,"column":17}}},"3":{"name":"(anonymous_3)","line":37,"loc":{"start":{"line":37,"column":24},"end":{"line":37,"column":36}}},"4":{"name":"(anonymous_4)","line":69,"loc":{"start":{"line":69,"column":31},"end":{"line":69,"column":48}},"skip":true},"5":{"name":"(anonymous_5)","line":78,"loc":{"start":{"line":78,"column":26},"end":{"line":78,"column":45}},"skip":true},"6":{"name":"(anonymous_6)","line":123,"loc":{"start":{"line":123,"column":33},"end":{"line":123,"column":48}},"skip":true},"7":{"name":"(anonymous_7)","line":125,"loc":{"start":{"line":125,"column":27},"end":{"line":125,"column":39}},"skip":true},"8":{"name":"(anonymous_8)","line":133,"loc":{"start":{"line":133,"column":59},"end":{"line":133,"column":74}},"skip":true},"9":{"name":"(anonymous_9)","line":143,"loc":{"start":{"line":143,"column":45},"end":{"line":143,"column":62}},"skip":true},"10":{"name":"(anonymous_10)","line":144,"loc":{"start":{"line":144,"column":73},"end":{"line":144,"column":92}},"skip":true},"11":{"name":"(anonymous_11)","line":272,"loc":{"start":{"line":272,"column":51},"end":{"line":272,"column":77}},"skip":true},"12":{"name":"(anonymous_12)","line":315,"loc":{"start":{"line":315,"column":32},"end":{"line":315,"column":61}},"skip":true}},"statementMap":{"1":{"start":{"line":26,"column":0},"end":{"line":326,"column":5}},"2":{"start":{"line":28,"column":4},"end":{"line":28,"column":14}},"3":{"start":{"line":33,"column":4},"end":{"line":60,"column":9}},"4":{"start":{"line":35,"column":8},"end":{"line":35,"column":19}},"5":{"start":{"line":37,"column":8},"end":{"line":49,"column":13}},"6":{"start":{"line":38,"column":12},"end":{"line":48,"column":13}},"7":{"start":{"line":39,"column":16},"end":{"line":42,"column":30}},"8":{"start":{"line":44,"column":16},"end":{"line":47,"column":27}},"9":{"start":{"line":51,"column":8},"end":{"line":53,"column":21}},"10":{"start":{"line":55,"column":8},"end":{"line":57,"column":45}},"11":{"start":{"line":59,"column":8},"end":{"line":59,"column":35}},"12":{"start":{"line":61,"column":4},"end":{"line":325,"column":5}},"13":{"start":{"line":69,"column":8},"end":{"line":121,"column":10},"skip":true},"14":{"start":{"line":70,"column":12},"end":{"line":88,"column":13},"skip":true},"15":{"start":{"line":76,"column":16},"end":{"line":87,"column":19},"skip":true},"16":{"start":{"line":79,"column":20},"end":{"line":86,"column":21},"skip":true},"17":{"start":{"line":82,"column":24},"end":{"line":82,"column":43},"skip":true},"18":{"start":{"line":83,"column":24},"end":{"line":83,"column":30},"skip":true},"19":{"start":{"line":85,"column":24},"end":{"line":85,"column":49},"skip":true},"20":{"start":{"line":89,"column":12},"end":{"line":107,"column":13},"skip":true},"21":{"start":{"line":92,"column":16},"end":{"line":102,"column":17},"skip":true},"22":{"start":{"line":93,"column":20},"end":{"line":93,"column":86},"skip":true},"23":{"start":{"line":94,"column":20},"end":{"line":95,"column":45},"skip":true},"24":{"start":{"line":96,"column":20},"end":{"line":96,"column":42},"skip":true},"25":{"start":{"line":97,"column":20},"end":{"line":97,"column":48},"skip":true},"26":{"start":{"line":100,"column":20},"end":{"line":100,"column":85},"skip":true},"27":{"start":{"line":101,"column":20},"end":{"line":101,"column":96},"skip":true},"28":{"start":{"line":103,"column":16},"end":{"line":103,"column":22},"skip":true},"29":{"start":{"line":106,"column":16},"end":{"line":106,"column":22},"skip":true},"30":{"start":{"line":108,"column":12},"end":{"line":120,"column":13},"skip":true},"31":{"start":{"line":114,"column":16},"end":{"line":119,"column":17},"skip":true},"32":{"start":{"line":116,"column":20},"end":{"line":116,"column":78},"skip":true},"33":{"start":{"line":118,"column":20},"end":{"line":118,"column":47},"skip":true},"34":{"start":{"line":123,"column":8},"end":{"line":141,"column":11},"skip":true},"35":{"start":{"line":124,"column":12},"end":{"line":124,"column":54},"skip":true},"36":{"start":{"line":125,"column":12},"end":{"line":140,"column":14},"skip":true},"37":{"start":{"line":126,"column":16},"end":{"line":126,"column":28},"skip":true},"38":{"start":{"line":127,"column":16},"end":{"line":127,"column":69},"skip":true},"39":{"start":{"line":128,"column":16},"end":{"line":128,"column":75},"skip":true},"40":{"start":{"line":129,"column":16},"end":{"line":131,"column":17},"skip":true},"41":{"start":{"line":130,"column":20},"end":{"line":130,"column":27},"skip":true},"42":{"start":{"line":133,"column":16},"end":{"line":137,"column":36},"skip":true},"43":{"start":{"line":134,"column":20},"end":{"line":136,"column":55},"skip":true},"44":{"start":{"line":139,"column":16},"end":{"line":139,"column":57},"skip":true},"45":{"start":{"line":143,"column":8},"end":{"line":147,"column":11},"skip":true},"46":{"start":{"line":144,"column":12},"end":{"line":146,"column":15},"skip":true},"47":{"start":{"line":145,"column":16},"end":{"line":145,"column":70},"skip":true},"48":{"start":{"line":149,"column":8},"end":{"line":149,"column":31},"skip":true},"49":{"start":{"line":150,"column":8},"end":{"line":150,"column":14},"skip":true},"50":{"start":{"line":158,"column":8},"end":{"line":158,"column":31},"skip":true},"51":{"start":{"line":160,"column":8},"end":{"line":160,"column":33},"skip":true},"52":{"start":{"line":161,"column":8},"end":{"line":161,"column":37},"skip":true},"53":{"start":{"line":162,"column":8},"end":{"line":162,"column":35},"skip":true},"54":{"start":{"line":164,"column":8},"end":{"line":164,"column":50},"skip":true},"55":{"start":{"line":166,"column":8},"end":{"line":256,"column":2},"skip":true},"56":{"start":{"line":258,"column":8},"end":{"line":286,"column":9},"skip":true},"57":{"start":{"line":259,"column":12},"end":{"line":269,"column":14},"skip":true},"58":{"start":{"line":271,"column":12},"end":{"line":285,"column":19},"skip":true},"59":{"start":{"line":274,"column":20},"end":{"line":274,"column":35},"skip":true},"60":{"start":{"line":275,"column":20},"end":{"line":284,"column":21},"skip":true},"61":{"start":{"line":277,"column":24},"end":{"line":277,"column":64},"skip":true},"62":{"start":{"line":279,"column":24},"end":{"line":279,"column":40},"skip":true},"63":{"start":{"line":281,"column":24},"end":{"line":281,"column":40},"skip":true},"64":{"start":{"line":283,"column":24},"end":{"line":283,"column":39},"skip":true},"65":{"start":{"line":288,"column":8},"end":{"line":290,"column":9},"skip":true},"66":{"start":{"line":289,"column":12},"end":{"line":289,"column":18},"skip":true},"67":{"start":{"line":291,"column":8},"end":{"line":293,"column":54},"skip":true},"68":{"start":{"line":296,"column":8},"end":{"line":301,"column":37},"skip":true},"69":{"start":{"line":303,"column":8},"end":{"line":303,"column":82},"skip":true},"70":{"start":{"line":306,"column":8},"end":{"line":308,"column":9},"skip":true},"71":{"start":{"line":307,"column":12},"end":{"line":307,"column":82},"skip":true},"72":{"start":{"line":310,"column":8},"end":{"line":312,"column":9},"skip":true},"73":{"start":{"line":311,"column":12},"end":{"line":311,"column":18},"skip":true},"74":{"start":{"line":313,"column":8},"end":{"line":313,"column":54},"skip":true},"75":{"start":{"line":314,"column":8},"end":{"line":314,"column":69},"skip":true},"76":{"start":{"line":315,"column":8},"end":{"line":323,"column":36},"skip":true},"77":{"start":{"line":316,"column":12},"end":{"line":316,"column":61},"skip":true},"78":{"start":{"line":317,"column":12},"end":{"line":320,"column":13},"skip":true},"79":{"start":{"line":318,"column":16},"end":{"line":318,"column":75},"skip":true},"80":{"start":{"line":319,"column":16},"end":{"line":319,"column":23},"skip":true},"81":{"start":{"line":321,"column":12},"end":{"line":321,"column":38},"skip":true},"82":{"start":{"line":322,"column":12},"end":{"line":322,"column":27},"skip":true},"83":{"start":{"line":324,"column":8},"end":{"line":324,"column":14},"skip":true}},"branchMap":{"1":{"line":39,"type":"binary-expr","locations":[{"start":{"line":39,"column":23},"end":{"line":39,"column":62}},{"start":{"line":40,"column":20},"end":{"line":40,"column":70}},{"start":{"line":41,"column":20},"end":{"line":41,"column":71}},{"start":{"line":42,"column":20},"end":{"line":42,"column":29}}]},"2":{"line":44,"type":"binary-expr","locations":[{"start":{"line":44,"column":23},"end":{"line":44,"column":37}},{"start":{"line":45,"column":20},"end":{"line":45,"column":61}},{"start":{"line":46,"column":20},"end":{"line":46,"column":70}},{"start":{"line":47,"column":20},"end":{"line":47,"column":26}}]},"3":{"line":51,"type":"cond-expr","locations":[{"start":{"line":52,"column":14},"end":{"line":52,"column":20}},{"start":{"line":53,"column":14},"end":{"line":53,"column":20}}]},"4":{"line":55,"type":"binary-expr","locations":[{"start":{"line":55,"column":16},"end":{"line":55,"column":44}},{"start":{"line":55,"column":49},"end":{"line":57,"column":43}}]},"5":{"line":55,"type":"cond-expr","locations":[{"start":{"line":56,"column":14},"end":{"line":56,"column":50}},{"start":{"line":57,"column":14},"end":{"line":57,"column":43}}]},"6":{"line":61,"type":"switch","locations":[{"start":{"line":68,"column":4},"end":{"line":150,"column":14},"skip":true},{"start":{"line":156,"column":4},"end":{"line":324,"column":14},"skip":true}]},"7":{"line":70,"type":"if","locations":[{"start":{"line":70,"column":12},"end":{"line":70,"column":12},"skip":true},{"start":{"line":70,"column":12},"end":{"line":70,"column":12},"skip":true}]},"8":{"line":70,"type":"binary-expr","locations":[{"start":{"line":70,"column":16},"end":{"line":70,"column":22},"skip":true},{"start":{"line":70,"column":27},"end":{"line":70,"column":32},"skip":true},{"start":{"line":71,"column":20},"end":{"line":71,"column":39},"skip":true},{"start":{"line":72,"column":20},"end":{"line":72,"column":49},"skip":true},{"start":{"line":73,"column":20},"end":{"line":73,"column":58},"skip":true},{"start":{"line":74,"column":20},"end":{"line":74,"column":69},"skip":true}]},"9":{"line":79,"type":"switch","locations":[{"start":{"line":80,"column":20},"end":{"line":80,"column":33},"skip":true},{"start":{"line":81,"column":20},"end":{"line":83,"column":30},"skip":true},{"start":{"line":84,"column":20},"end":{"line":85,"column":49},"skip":true}]},"10":{"line":89,"type":"switch","locations":[{"start":{"line":90,"column":12},"end":{"line":103,"column":22},"skip":true},{"start":{"line":105,"column":12},"end":{"line":106,"column":22},"skip":true}]},"11":{"line":89,"type":"binary-expr","locations":[{"start":{"line":89,"column":20},"end":{"line":89,"column":25},"skip":true},{"start":{"line":89,"column":29},"end":{"line":89,"column":48},"skip":true},{"start":{"line":89,"column":52},"end":{"line":89,"column":74},"skip":true}]},"12":{"line":92,"type":"if","locations":[{"start":{"line":92,"column":16},"end":{"line":92,"column":16},"skip":true},{"start":{"line":92,"column":16},"end":{"line":92,"column":16},"skip":true}]},"13":{"line":108,"type":"if","locations":[{"start":{"line":108,"column":12},"end":{"line":108,"column":12},"skip":true},{"start":{"line":108,"column":12},"end":{"line":108,"column":12},"skip":true}]},"14":{"line":108,"type":"binary-expr","locations":[{"start":{"line":108,"column":16},"end":{"line":108,"column":61},"skip":true},{"start":{"line":108,"column":66},"end":{"line":108,"column":72},"skip":true},{"start":{"line":108,"column":77},"end":{"line":108,"column":82},"skip":true},{"start":{"line":109,"column":20},"end":{"line":109,"column":39},"skip":true},{"start":{"line":110,"column":20},"end":{"line":110,"column":49},"skip":true},{"start":{"line":111,"column":20},"end":{"line":111,"column":58},"skip":true},{"start":{"line":112,"column":20},"end":{"line":112,"column":68},"skip":true}]},"15":{"line":129,"type":"if","locations":[{"start":{"line":129,"column":16},"end":{"line":129,"column":16},"skip":true},{"start":{"line":129,"column":16},"end":{"line":129,"column":16},"skip":true}]},"16":{"line":134,"type":"cond-expr","locations":[{"start":{"line":135,"column":26},"end":{"line":135,"column":29},"skip":true},{"start":{"line":136,"column":26},"end":{"line":136,"column":54},"skip":true}]},"17":{"line":164,"type":"binary-expr","locations":[{"start":{"line":164,"column":27},"end":{"line":164,"column":43},"skip":true},{"start":{"line":164,"column":47},"end":{"line":164,"column":49},"skip":true}]},"18":{"line":258,"type":"if","locations":[{"start":{"line":258,"column":8},"end":{"line":258,"column":8},"skip":true},{"start":{"line":258,"column":8},"end":{"line":258,"column":8},"skip":true}]},"19":{"line":275,"type":"switch","locations":[{"start":{"line":276,"column":20},"end":{"line":277,"column":64},"skip":true},{"start":{"line":278,"column":20},"end":{"line":279,"column":40},"skip":true},{"start":{"line":280,"column":20},"end":{"line":281,"column":40},"skip":true},{"start":{"line":282,"column":20},"end":{"line":283,"column":39},"skip":true}]},"20":{"line":288,"type":"if","locations":[{"start":{"line":288,"column":8},"end":{"line":288,"column":8},"skip":true},{"start":{"line":288,"column":8},"end":{"line":288,"column":8},"skip":true}]},"21":{"line":288,"type":"binary-expr","locations":[{"start":{"line":288,"column":12},"end":{"line":288,"column":40},"skip":true},{"start":{"line":288,"column":44},"end":{"line":288,"column":67},"skip":true}]},"22":{"line":292,"type":"binary-expr","locations":[{"start":{"line":292,"column":12},"end":{"line":292,"column":50},"skip":true},{"start":{"line":293,"column":12},"end":{"line":293,"column":53},"skip":true}]},"23":{"line":297,"type":"binary-expr","locations":[{"start":{"line":297,"column":12},"end":{"line":297,"column":64},"skip":true},{"start":{"line":298,"column":12},"end":{"line":301,"column":36},"skip":true}]},"24":{"line":303,"type":"binary-expr","locations":[{"start":{"line":303,"column":43},"end":{"line":303,"column":75},"skip":true},{"start":{"line":303,"column":79},"end":{"line":303,"column":81},"skip":true}]},"25":{"line":306,"type":"if","locations":[{"start":{"line":306,"column":8},"end":{"line":306,"column":8},"skip":true},{"start":{"line":306,"column":8},"end":{"line":306,"column":8},"skip":true}]},"26":{"line":310,"type":"if","locations":[{"start":{"line":310,"column":8},"end":{"line":310,"column":8},"skip":true},{"start":{"line":310,"column":8},"end":{"line":310,"column":8},"skip":true}]},"27":{"line":313,"type":"binary-expr","locations":[{"start":{"line":313,"column":27},"end":{"line":313,"column":43},"skip":true},{"start":{"line":313,"column":47},"end":{"line":313,"column":53},"skip":true}]},"28":{"line":317,"type":"if","locations":[{"start":{"line":317,"column":12},"end":{"line":317,"column":12},"skip":true},{"start":{"line":317,"column":12},"end":{"line":317,"column":12},"skip":true}]}},"code":["/*","example.js","","quickstart example","","instruction","    1. save this script as example.js","    2. run the shell command:","        $ npm install npmtest-plates && PORT=8081 node example.js","    3. play with the browser-demo on http://127.0.0.1:8081","*/","","","","/* istanbul instrument in package npmtest_plates */","/*jslint","    bitwise: true,","    browser: true,","    maxerr: 8,","    maxlen: 96,","    node: true,","    nomen: true,","    regexp: true,","    stupid: true","*/","(function () {","    'use strict';","    var local;","","","","    // run shared js-env code - pre-init","    (function () {","        // init local","        local = {};","        // init modeJs","        local.modeJs = (function () {","            try {","                return typeof navigator.userAgent === 'string' &&","                    typeof document.querySelector('body') === 'object' &&","                    typeof XMLHttpRequest.prototype.open === 'function' &&","                    'browser';","            } catch (errorCaughtBrowser) {","                return module.exports &&","                    typeof process.versions.node === 'string' &&","                    typeof require('http').createServer === 'function' &&","                    'node';","            }","        }());","        // init global","        local.global = local.modeJs === 'browser'","            ? window","            : global;","        // init utility2_rollup","        local = local.global.utility2_rollup || (local.modeJs === 'browser'","            ? local.global.utility2_npmtest_plates","            : global.utility2_moduleExports);","        // export local","        local.global.local = local;","    }());","    switch (local.modeJs) {","","","","    // post-init","    // run browser js-env code - post-init","    /* istanbul ignore next */","    case 'browser':","        local.testRunBrowser = function (event) {","            if (!event || (event &&","                    event.currentTarget &&","                    event.currentTarget.className &&","                    event.currentTarget.className.includes &&","                    event.currentTarget.className.includes('onreset'))) {","                // reset output","                Array.from(","                    document.querySelectorAll('body > .resettable')","                ).forEach(function (element) {","                    switch (element.tagName) {","                    case 'INPUT':","                    case 'TEXTAREA':","                        element.value = '';","                        break;","                    default:","                        element.textContent = '';","                    }","                });","            }","            switch (event && event.currentTarget && event.currentTarget.id) {","            case 'testRunButton1':","                // show tests","                if (document.querySelector('#testReportDiv1').style.display === 'none') {","                    document.querySelector('#testReportDiv1').style.display = 'block';","                    document.querySelector('#testRunButton1').textContent =","                        'hide internal test';","                    local.modeTest = true;","                    local.testRunDefault(local);","                // hide tests","                } else {","                    document.querySelector('#testReportDiv1').style.display = 'none';","                    document.querySelector('#testRunButton1').textContent = 'run internal test';","                }","                break;","            // custom-case","            default:","                break;","            }","            if (document.querySelector('#inputTextareaEval1') && (!event || (event &&","                    event.currentTarget &&","                    event.currentTarget.className &&","                    event.currentTarget.className.includes &&","                    event.currentTarget.className.includes('oneval')))) {","                // try to eval input-code","                try {","                    /*jslint evil: true*/","                    eval(document.querySelector('#inputTextareaEval1').value);","                } catch (errorCaught) {","                    console.error(errorCaught);","                }","            }","        };","        // log stderr and stdout to #outputTextareaStdout1","        ['error', 'log'].forEach(function (key) {","            console[key + '_original'] = console[key];","            console[key] = function () {","                var element;","                console[key + '_original'].apply(console, arguments);","                element = document.querySelector('#outputTextareaStdout1');","                if (!element) {","                    return;","                }","                // append text to #outputTextareaStdout1","                element.value += Array.from(arguments).map(function (arg) {","                    return typeof arg === 'string'","                        ? arg","                        : JSON.stringify(arg, null, 4);","                }).join(' ') + '\\n';","                // scroll textarea to bottom","                element.scrollTop = element.scrollHeight;","            };","        });","        // init event-handling","        ['change', 'click', 'keyup'].forEach(function (event) {","            Array.from(document.querySelectorAll('.on' + event)).forEach(function (element) {","                element.addEventListener(event, local.testRunBrowser);","            });","        });","        // run tests","        local.testRunBrowser();","        break;","","","","    // run node js-env code - post-init","    /* istanbul ignore next */","    case 'node':","        // export local","        module.exports = local;","        // require modules","        local.fs = require('fs');","        local.http = require('http');","        local.url = require('url');","        // init assets","        local.assetsDict = local.assetsDict || {};","        /* jslint-ignore-begin */","        local.assetsDict['/assets.index.template.html'] = '\\","<!doctype html>\\n\\","<html lang=\"en\">\\n\\","<head>\\n\\","<meta charset=\"UTF-8\">\\n\\","<meta name=\"viewport\" content=\"width=device-width, initial-scale=1\">\\n\\","<title>{{env.npm_package_name}} (v{{env.npm_package_version}})</title>\\n\\","<style>\\n\\","/*csslint\\n\\","    box-sizing: false,\\n\\","    universal-selector: false\\n\\","*/\\n\\","* {\\n\\","    box-sizing: border-box;\\n\\","}\\n\\","body {\\n\\","    background: #dde;\\n\\","    font-family: Arial, Helvetica, sans-serif;\\n\\","    margin: 2rem;\\n\\","}\\n\\","body > * {\\n\\","    margin-bottom: 1rem;\\n\\","}\\n\\",".utility2FooterDiv {\\n\\","    margin-top: 20px;\\n\\","    text-align: center;\\n\\","}\\n\\","</style>\\n\\","<style>\\n\\","/*csslint\\n\\","*/\\n\\","textarea {\\n\\","    font-family: monospace;\\n\\","    height: 10rem;\\n\\","    width: 100%;\\n\\","}\\n\\","textarea[readonly] {\\n\\","    background: #ddd;\\n\\","}\\n\\","</style>\\n\\","</head>\\n\\","<body>\\n\\","<!-- utility2-comment\\n\\","<div id=\"ajaxProgressDiv1\" style=\"background: #d00; height: 2px; left: 0; margin: 0; padding: 0; position: fixed; top: 0; transition: background 0.5s, width 1.5s; width: 25%;\"></div>\\n\\","utility2-comment -->\\n\\","<h1>\\n\\","<!-- utility2-comment\\n\\","    <a\\n\\","        {{#if env.npm_package_homepage}}\\n\\","        href=\"{{env.npm_package_homepage}}\"\\n\\","        {{/if env.npm_package_homepage}}\\n\\","        target=\"_blank\"\\n\\","    >\\n\\","utility2-comment -->\\n\\","        {{env.npm_package_name}} (v{{env.npm_package_version}})\\n\\","<!-- utility2-comment\\n\\","    </a>\\n\\","utility2-comment -->\\n\\","</h1>\\n\\","<h3>{{env.npm_package_description}}</h3>\\n\\","<!-- utility2-comment\\n\\","<h4><a download href=\"assets.app.js\">download standalone app</a></h4>\\n\\","<button class=\"onclick onreset\" id=\"testRunButton1\">run internal test</button><br>\\n\\","<div id=\"testReportDiv1\" style=\"display: none;\"></div>\\n\\","utility2-comment -->\\n\\","\\n\\","\\n\\","\\n\\","<label>stderr and stdout</label>\\n\\","<textarea class=\"resettable\" id=\"outputTextareaStdout1\" readonly></textarea>\\n\\","<!-- utility2-comment\\n\\","{{#if isRollup}}\\n\\","<script src=\"assets.app.js\"></script>\\n\\","{{#unless isRollup}}\\n\\","utility2-comment -->\\n\\","<script src=\"assets.utility2.rollup.js\"></script>\\n\\","<script src=\"jsonp.utility2._stateInit?callback=window.utility2._stateInit\"></script>\\n\\","<script src=\"assets.npmtest_plates.rollup.js\"></script>\\n\\","<script src=\"assets.example.js\"></script>\\n\\","<script src=\"assets.test.js\"></script>\\n\\","<!-- utility2-comment\\n\\","{{/if isRollup}}\\n\\","utility2-comment -->\\n\\","<div class=\"utility2FooterDiv\">\\n\\","    [ this app was created with\\n\\","    <a href=\"https://github.com/kaizhu256/node-utility2\" target=\"_blank\">utility2</a>\\n\\","    ]\\n\\","</div>\\n\\","</body>\\n\\","</html>\\n\\","';","        /* jslint-ignore-end */","        if (local.templateRender) {","            local.assetsDict['/'] = local.templateRender(","                local.assetsDict['/assets.index.template.html'],","                {","                    env: local.objectSetDefault(local.env, {","                        npm_package_description: 'the greatest app in the world!',","                        npm_package_name: 'my-app',","                        npm_package_nameAlias: 'my_app',","                        npm_package_version: '0.0.1'","                    })","                }","            );","        } else {","            local.assetsDict['/'] = local.assetsDict['/assets.index.template.html']","                .replace((/\\{\\{env\\.(\\w+?)\\}\\}/g), function (match0, match1) {","                    // jslint-hack","                    String(match0);","                    switch (match1) {","                    case 'npm_package_description':","                        return 'the greatest app in the world!';","                    case 'npm_package_name':","                        return 'my-app';","                    case 'npm_package_nameAlias':","                        return 'my_app';","                    case 'npm_package_version':","                        return '0.0.1';","                    }","                });","        }","        // run the cli","        if (local.global.utility2_rollup || module !== require.main) {","            break;","        }","        local.assetsDict['/assets.example.js'] =","            local.assetsDict['/assets.example.js'] ||","            local.fs.readFileSync(__filename, 'utf8');","        // bug-workaround - long $npm_package_buildCustomOrg","        /* jslint-ignore-begin */","        local.assetsDict['/assets.npmtest_plates.rollup.js'] =","            local.assetsDict['/assets.npmtest_plates.rollup.js'] ||","            local.fs.readFileSync(","                local.npmtest_plates.__dirname + '/lib.npmtest_plates.js',","                'utf8'","            ).replace((/^#!/), '//');","        /* jslint-ignore-end */","        local.assetsDict['/favicon.ico'] = local.assetsDict['/favicon.ico'] || '';","        // if $npm_config_timeout_exit exists,","        // then exit this process after $npm_config_timeout_exit ms","        if (Number(process.env.npm_config_timeout_exit)) {","            setTimeout(process.exit, Number(process.env.npm_config_timeout_exit));","        }","        // start server","        if (local.global.utility2_serverHttp1) {","            break;","        }","        process.env.PORT = process.env.PORT || '8081';","        console.error('server starting on port ' + process.env.PORT);","        local.http.createServer(function (request, response) {","            request.urlParsed = local.url.parse(request.url);","            if (local.assetsDict[request.urlParsed.pathname] !== undefined) {","                response.end(local.assetsDict[request.urlParsed.pathname]);","                return;","            }","            response.statusCode = 404;","            response.end();","        }).listen(process.env.PORT);","        break;","    }","}());",""],"l":{"26":2,"28":2,"33":2,"35":2,"37":2,"38":2,"39":2,"44":1,"51":2,"55":2,"59":2,"61":2,"69":1,"70":2,"76":2,"79":2,"82":2,"83":2,"85":1,"89":2,"92":1,"93":1,"94":1,"96":1,"97":1,"100":1,"101":1,"103":1,"106":1,"108":2,"114":1,"116":1,"118":1,"123":1,"124":2,"125":2,"126":3,"127":3,"128":3,"129":3,"130":1,"133":3,"134":3,"139":3,"143":1,"144":3,"145":1,"149":1,"150":1,"158":1,"160":1,"161":1,"162":1,"164":1,"166":1,"258":1,"259":1,"271":1,"274":6,"275":6,"277":1,"279":2,"281":1,"283":2,"288":1,"289":1,"291":1,"296":1,"303":1,"306":1,"307":1,"310":1,"311":1,"313":1,"314":1,"315":1,"316":1,"317":1,"318":1,"319":1,"321":1,"322":1,"324":1}},"/home/travis/build/npmtest/node-npmtest-plates/node_modules/plates/lib/plates.js":{"path":"/home/travis/build/npmtest/node-npmtest-plates/node_modules/plates/lib/plates.js","s":{"1":1,"2":1,"3":1,"4":1,"5":0,"6":0,"7":1,"8":0,"9":1,"10":0,"11":0,"12":0,"13":0,"14":0,"15":0,"16":0,"17":0,"18":0,"19":0,"20":1,"21":0,"22":0,"23":0,"24":0,"25":0,"26":0,"27":0,"28":0,"29":0,"30":0,"31":0,"32":0,"33":0,"34":0,"35":0,"36":0,"37":1,"38":0,"39":0,"40":0,"41":0,"42":0,"43":0,"44":0,"45":0,"46":0,"47":0,"48":0,"49":0,"50":0,"51":1,"52":1,"53":0,"54":0,"55":0,"56":0,"57":0,"58":0,"59":0,"60":0,"61":0,"62":0,"63":0,"64":0,"65":0,"66":0,"67":0,"68":0,"69":0,"70":0,"71":0,"72":0,"73":0,"74":0,"75":0,"76":0,"77":0,"78":0,"79":0,"80":0,"81":0,"82":0,"83":0,"84":0,"85":0,"86":0,"87":0,"88":0,"89":0,"90":0,"91":0,"92":0,"93":0,"94":0,"95":0,"96":0,"97":0,"98":0,"99":0,"100":0,"101":0,"102":0,"103":0,"104":0,"105":0,"106":0,"107":0,"108":0,"109":0,"110":0,"111":0,"112":0,"113":0,"114":0,"115":0,"116":0,"117":0,"118":0,"119":0,"120":0,"121":0,"122":0,"123":0,"124":0,"125":0,"126":0,"127":0,"128":0,"129":0,"130":0,"131":0,"132":0,"133":0,"134":0,"135":0,"136":0,"137":0,"138":0,"139":0,"140":0,"141":0,"142":0,"143":0,"144":0,"145":0,"146":0,"147":0,"148":0,"149":0,"150":0,"151":0,"152":0,"153":0,"154":0,"155":0,"156":0,"157":0,"158":0,"159":0,"160":0,"161":0,"162":0,"163":0,"164":0,"165":0,"166":0,"167":0,"168":1,"169":0,"170":0,"171":0,"172":0,"173":1,"174":0,"175":0,"176":0,"177":0,"178":0,"179":0,"180":0,"181":0,"182":1,"183":0,"184":0,"185":0,"186":0,"187":0,"188":0,"189":0,"190":0,"191":0,"192":0,"193":0,"194":0,"195":0,"196":0,"197":0,"198":0,"199":0,"200":0,"201":0,"202":0,"203":0,"204":0,"205":0,"206":0,"207":0,"208":0,"209":0,"210":0,"211":0,"212":0,"213":0,"214":0,"215":0,"216":0,"217":0,"218":0,"219":1,"220":1,"221":1,"222":1,"223":1,"224":0,"225":0,"226":1},"b":{"1":[1,0],"2":[1,1,1],"3":[1,0],"4":[0,0,0],"5":[0,0],"6":[1,0],"7":[0,0],"8":[0,0],"9":[0,0],"10":[0,0],"11":[0,0],"12":[0,0],"13":[0,0],"14":[0,0],"15":[0,0],"16":[0,0],"17":[0,0],"18":[0,0],"19":[0,0],"20":[0,0],"21":[0,0],"22":[0,0],"23":[0,0],"24":[0,0],"25":[0,0],"26":[0,0],"27":[0,0],"28":[0,0],"29":[0,0],"30":[0,0],"31":[0,0],"32":[0,0],"33":[0,0],"34":[0,0],"35":[0,0,0],"36":[0,0],"37":[0,0,0],"38":[0,0],"39":[0,0],"40":[0,0],"41":[0,0],"42":[0,0],"43":[0,0],"44":[0,0],"45":[0,0],"46":[0,0],"47":[0,0],"48":[0,0],"49":[0,0],"50":[0,0],"51":[0,0],"52":[0,0],"53":[0,0,0],"54":[0,0],"55":[0,0,0],"56":[0,0],"57":[0,0],"58":[0,0],"59":[0,0],"60":[0,0],"61":[0,0],"62":[0,0],"63":[0,0],"64":[0,0],"65":[0,0,0,0],"66":[0,0],"67":[0,0],"68":[0,0],"69":[0,0],"70":[0,0],"71":[0,0],"72":[0,0],"73":[0,0],"74":[0,0],"75":[0,0],"76":[0,0,0],"77":[0,0],"78":[0,0],"79":[0,0],"80":[0,0],"81":[0,0],"82":[0,0,0,0],"83":[0,0],"84":[0,0],"85":[0,0],"86":[0,0],"87":[0,0],"88":[0,0],"89":[0,0],"90":[0,0],"91":[0,0],"92":[0,0],"93":[0,0],"94":[0,0],"95":[0,0],"96":[0,0],"97":[0,0],"98":[0,0],"99":[0,0],"100":[0,0],"101":[0,0,0,0,0],"102":[0,0],"103":[0,0],"104":[0,0],"105":[0,0],"106":[0,0],"107":[0,0],"108":[0,0],"109":[0,0],"110":[0,0],"111":[0,0],"112":[0,0],"113":[0,0],"114":[0,0]},"f":{"1":1,"2":0,"3":0,"4":0,"5":0,"6":0,"7":0,"8":0,"9":0,"10":0,"11":0,"12":0,"13":0,"14":0,"15":0,"16":0,"17":0,"18":0,"19":0,"20":0,"21":0,"22":0,"23":0,"24":0,"25":0,"26":0,"27":0},"fnMap":{"1":{"name":"(anonymous_1)","line":3,"loc":{"start":{"line":3,"column":1},"end":{"line":3,"column":35}}},"2":{"name":"indexOf","line":14,"loc":{"start":{"line":14,"column":43},"end":{"line":14,"column":68}}},"3":{"name":"isArray","line":27,"loc":{"start":{"line":27,"column":36},"end":{"line":27,"column":56}}},"4":{"name":"fetch","line":39,"loc":{"start":{"line":39,"column":2},"end":{"line":39,"column":53}}},"5":{"name":"compileMappings","line":71,"loc":{"start":{"line":71,"column":2},"end":{"line":71,"column":40}}},"6":{"name":"(anonymous_6)","line":74,"loc":{"start":{"line":74,"column":18},"end":{"line":74,"column":39}}},"7":{"name":"matchClosing","line":99,"loc":{"start":{"line":99,"column":0},"end":{"line":99,"column":44}}},"8":{"name":"Merge","line":126,"loc":{"start":{"line":126,"column":14},"end":{"line":126,"column":31}}},"9":{"name":"hasClass","line":158,"loc":{"start":{"line":158,"column":14},"end":{"line":158,"column":48}}},"10":{"name":"iterate","line":173,"loc":{"start":{"line":173,"column":13},"end":{"line":173,"column":74}}},"11":{"name":"bind","line":211,"loc":{"start":{"line":211,"column":10},"end":{"line":211,"column":41}}},"12":{"name":"(anonymous_12)","line":312,"loc":{"start":{"line":312,"column":53},"end":{"line":312,"column":85}}},"13":{"name":"(anonymous_13)","line":411,"loc":{"start":{"line":411,"column":41},"end":{"line":411,"column":77}}},"14":{"name":"Mapper","line":460,"loc":{"start":{"line":460,"column":2},"end":{"line":460,"column":24}}},"15":{"name":"last","line":472,"loc":{"start":{"line":472,"column":2},"end":{"line":472,"column":25}}},"16":{"name":"replace","line":497,"loc":{"start":{"line":497,"column":13},"end":{"line":497,"column":42}}},"17":{"name":"use","line":510,"loc":{"start":{"line":510,"column":9},"end":{"line":510,"column":27}}},"18":{"name":"where","line":521,"loc":{"start":{"line":521,"column":11},"end":{"line":521,"column":31}}},"19":{"name":"className","line":531,"loc":{"start":{"line":531,"column":13},"end":{"line":531,"column":37}}},"20":{"name":"tag","line":539,"loc":{"start":{"line":539,"column":9},"end":{"line":539,"column":27}}},"21":{"name":"is","line":549,"loc":{"start":{"line":549,"column":8},"end":{"line":549,"column":25}}},"22":{"name":"has","line":559,"loc":{"start":{"line":559,"column":9},"end":{"line":559,"column":27}}},"23":{"name":"insert","line":570,"loc":{"start":{"line":570,"column":12},"end":{"line":570,"column":33}}},"24":{"name":"as","line":584,"loc":{"start":{"line":584,"column":8},"end":{"line":584,"column":25}}},"25":{"name":"remove","line":594,"loc":{"start":{"line":594,"column":12},"end":{"line":594,"column":30}}},"26":{"name":"append","line":605,"loc":{"start":{"line":605,"column":12},"end":{"line":605,"column":47}}},"27":{"name":"bind","line":657,"loc":{"start":{"line":657,"column":17},"end":{"line":657,"column":48}}}},"statementMap":{"1":{"start":{"line":1,"column":0},"end":{"line":1,"column":112}},"2":{"start":{"line":3,"column":0},"end":{"line":666,"column":16}},"3":{"start":{"line":9,"column":2},"end":{"line":9,"column":44}},"4":{"start":{"line":14,"column":2},"end":{"line":22,"column":5}},"5":{"start":{"line":15,"column":4},"end":{"line":19,"column":6}},"6":{"start":{"line":21,"column":4},"end":{"line":21,"column":24}},"7":{"start":{"line":27,"column":2},"end":{"line":29,"column":5}},"8":{"start":{"line":28,"column":4},"end":{"line":28,"column":50}},"9":{"start":{"line":39,"column":2},"end":{"line":63,"column":3}},"10":{"start":{"line":40,"column":4},"end":{"line":40,"column":33}},"11":{"start":{"line":45,"column":4},"end":{"line":47,"column":5}},"12":{"start":{"line":46,"column":6},"end":{"line":46,"column":68}},"13":{"start":{"line":52,"column":4},"end":{"line":52,"column":45}},"14":{"start":{"line":52,"column":28},"end":{"line":52,"column":45}},"15":{"start":{"line":54,"column":4},"end":{"line":55,"column":25}},"16":{"start":{"line":57,"column":4},"end":{"line":60,"column":5}},"17":{"start":{"line":58,"column":6},"end":{"line":58,"column":48}},"18":{"start":{"line":59,"column":6},"end":{"line":59,"column":25}},"19":{"start":{"line":62,"column":4},"end":{"line":62,"column":53}},"20":{"start":{"line":71,"column":2},"end":{"line":94,"column":3}},"21":{"start":{"line":72,"column":4},"end":{"line":72,"column":40}},"22":{"start":{"line":74,"column":4},"end":{"line":91,"column":7}},"23":{"start":{"line":75,"column":6},"end":{"line":75,"column":36}},"24":{"start":{"line":75,"column":27},"end":{"line":75,"column":36}},"25":{"start":{"line":76,"column":6},"end":{"line":76,"column":37}},"26":{"start":{"line":76,"column":27},"end":{"line":76,"column":37}},"27":{"start":{"line":78,"column":6},"end":{"line":80,"column":7}},"28":{"start":{"line":79,"column":8},"end":{"line":79,"column":56}},"29":{"start":{"line":81,"column":6},"end":{"line":83,"column":7}},"30":{"start":{"line":82,"column":8},"end":{"line":82,"column":48}},"31":{"start":{"line":84,"column":6},"end":{"line":86,"column":7}},"32":{"start":{"line":85,"column":8},"end":{"line":85,"column":109}},"33":{"start":{"line":87,"column":6},"end":{"line":89,"column":7}},"34":{"start":{"line":88,"column":8},"end":{"line":88,"column":17}},"35":{"start":{"line":90,"column":6},"end":{"line":90,"column":16}},"36":{"start":{"line":93,"column":4},"end":{"line":93,"column":20}},"37":{"start":{"line":99,"column":0},"end":{"line":124,"column":1}},"38":{"start":{"line":100,"column":2},"end":{"line":105,"column":7}},"39":{"start":{"line":107,"column":2},"end":{"line":107,"column":28}},"40":{"start":{"line":108,"column":2},"end":{"line":108,"column":12}},"41":{"start":{"line":110,"column":2},"end":{"line":118,"column":3}},"42":{"start":{"line":111,"column":4},"end":{"line":111,"column":36}},"43":{"start":{"line":112,"column":4},"end":{"line":117,"column":5}},"44":{"start":{"line":113,"column":6},"end":{"line":113,"column":31}},"45":{"start":{"line":114,"column":6},"end":{"line":114,"column":20}},"46":{"start":{"line":115,"column":6},"end":{"line":115,"column":35}},"47":{"start":{"line":116,"column":6},"end":{"line":116,"column":46}},"48":{"start":{"line":119,"column":2},"end":{"line":121,"column":3}},"49":{"start":{"line":120,"column":4},"end":{"line":120,"column":63}},"50":{"start":{"line":123,"column":2},"end":{"line":123,"column":15}},"51":{"start":{"line":126,"column":2},"end":{"line":126,"column":34}},"52":{"start":{"line":127,"column":2},"end":{"line":452,"column":4}},"53":{"start":{"line":159,"column":6},"end":{"line":159,"column":48}},"54":{"start":{"line":174,"column":6},"end":{"line":176,"column":20}},"55":{"start":{"line":179,"column":6},"end":{"line":199,"column":7}},"56":{"start":{"line":181,"column":8},"end":{"line":191,"column":9}},"57":{"start":{"line":184,"column":10},"end":{"line":188,"column":11}},"58":{"start":{"line":185,"column":12},"end":{"line":185,"column":33}},"59":{"start":{"line":187,"column":12},"end":{"line":187,"column":28}},"60":{"start":{"line":190,"column":10},"end":{"line":190,"column":50}},"61":{"start":{"line":193,"column":8},"end":{"line":193,"column":22}},"62":{"start":{"line":194,"column":13},"end":{"line":199,"column":7}},"63":{"start":{"line":197,"column":8},"end":{"line":197,"column":80}},"64":{"start":{"line":198,"column":8},"end":{"line":198,"column":56}},"65":{"start":{"line":201,"column":6},"end":{"line":201,"column":19}},"66":{"start":{"line":212,"column":6},"end":{"line":220,"column":7}},"67":{"start":{"line":213,"column":8},"end":{"line":213,"column":24}},"68":{"start":{"line":215,"column":8},"end":{"line":217,"column":9}},"69":{"start":{"line":216,"column":10},"end":{"line":216,"column":50}},"70":{"start":{"line":219,"column":8},"end":{"line":219,"column":22}},"71":{"start":{"line":222,"column":6},"end":{"line":222,"column":37}},"72":{"start":{"line":223,"column":6},"end":{"line":223,"column":24}},"73":{"start":{"line":225,"column":6},"end":{"line":225,"column":22}},"74":{"start":{"line":227,"column":6},"end":{"line":240,"column":18}},"75":{"start":{"line":242,"column":6},"end":{"line":244,"column":15}},"76":{"start":{"line":246,"column":6},"end":{"line":449,"column":7}},"77":{"start":{"line":247,"column":8},"end":{"line":247,"column":27}},"78":{"start":{"line":253,"column":8},"end":{"line":448,"column":9}},"79":{"start":{"line":254,"column":10},"end":{"line":254,"column":24}},"80":{"start":{"line":255,"column":10},"end":{"line":255,"column":44}},"81":{"start":{"line":256,"column":15},"end":{"line":448,"column":9}},"82":{"start":{"line":257,"column":10},"end":{"line":257,"column":25}},"83":{"start":{"line":258,"column":10},"end":{"line":258,"column":23}},"84":{"start":{"line":259,"column":10},"end":{"line":259,"column":19}},"85":{"start":{"line":260,"column":15},"end":{"line":448,"column":9}},"86":{"start":{"line":261,"column":10},"end":{"line":261,"column":24}},"87":{"start":{"line":262,"column":10},"end":{"line":262,"column":44}},"88":{"start":{"line":263,"column":10},"end":{"line":263,"column":46}},"89":{"start":{"line":265,"column":10},"end":{"line":268,"column":11}},"90":{"start":{"line":266,"column":12},"end":{"line":266,"column":25}},"91":{"start":{"line":267,"column":12},"end":{"line":267,"column":21}},"92":{"start":{"line":270,"column":10},"end":{"line":270,"column":36}},"93":{"start":{"line":271,"column":10},"end":{"line":271,"column":34}},"94":{"start":{"line":272,"column":10},"end":{"line":272,"column":37}},"95":{"start":{"line":273,"column":10},"end":{"line":273,"column":38}},"96":{"start":{"line":274,"column":10},"end":{"line":274,"column":57}},"97":{"start":{"line":276,"column":10},"end":{"line":292,"column":11}},"98":{"start":{"line":280,"column":12},"end":{"line":291,"column":13}},"99":{"start":{"line":281,"column":14},"end":{"line":285,"column":15}},"100":{"start":{"line":282,"column":16},"end":{"line":282,"column":34}},"101":{"start":{"line":284,"column":16},"end":{"line":284,"column":26}},"102":{"start":{"line":286,"column":19},"end":{"line":291,"column":13}},"103":{"start":{"line":290,"column":14},"end":{"line":290,"column":24}},"104":{"start":{"line":294,"column":10},"end":{"line":428,"column":11}},"105":{"start":{"line":298,"column":12},"end":{"line":427,"column":13}},"106":{"start":{"line":299,"column":14},"end":{"line":405,"column":15}},"107":{"start":{"line":300,"column":16},"end":{"line":302,"column":84}},"108":{"start":{"line":307,"column":16},"end":{"line":310,"column":17}},"109":{"start":{"line":308,"column":18},"end":{"line":308,"column":72}},"110":{"start":{"line":309,"column":18},"end":{"line":309,"column":27}},"111":{"start":{"line":312,"column":16},"end":{"line":377,"column":19}},"112":{"start":{"line":313,"column":18},"end":{"line":313,"column":30}},"113":{"start":{"line":315,"column":18},"end":{"line":374,"column":19}},"114":{"start":{"line":316,"column":20},"end":{"line":316,"column":31}},"115":{"start":{"line":317,"column":25},"end":{"line":374,"column":19}},"116":{"start":{"line":318,"column":20},"end":{"line":318,"column":40}},"117":{"start":{"line":323,"column":20},"end":{"line":329,"column":21}},"118":{"start":{"line":324,"column":22},"end":{"line":324,"column":96}},"119":{"start":{"line":325,"column":27},"end":{"line":329,"column":21}},"120":{"start":{"line":326,"column":22},"end":{"line":326,"column":114}},"121":{"start":{"line":328,"column":22},"end":{"line":328,"column":74}},"122":{"start":{"line":331,"column":20},"end":{"line":331,"column":62}},"123":{"start":{"line":332,"column":25},"end":{"line":374,"column":19}},"124":{"start":{"line":333,"column":20},"end":{"line":373,"column":21}},"125":{"start":{"line":340,"column":22},"end":{"line":372,"column":23}},"126":{"start":{"line":346,"column":24},"end":{"line":346,"column":53}},"127":{"start":{"line":346,"column":44},"end":{"line":346,"column":53}},"128":{"start":{"line":347,"column":24},"end":{"line":347,"column":41}},"129":{"start":{"line":348,"column":29},"end":{"line":372,"column":23}},"130":{"start":{"line":349,"column":24},"end":{"line":353,"column":26}},"131":{"start":{"line":355,"column":24},"end":{"line":355,"column":109}},"132":{"start":{"line":356,"column":24},"end":{"line":356,"column":41}},"133":{"start":{"line":358,"column":24},"end":{"line":358,"column":84}},"134":{"start":{"line":359,"column":24},"end":{"line":359,"column":52}},"135":{"start":{"line":361,"column":24},"end":{"line":368,"column":25}},"136":{"start":{"line":362,"column":26},"end":{"line":362,"column":91}},"137":{"start":{"line":365,"column":26},"end":{"line":365,"column":50}},"138":{"start":{"line":366,"column":31},"end":{"line":368,"column":25}},"139":{"start":{"line":367,"column":26},"end":{"line":367,"column":101}},"140":{"start":{"line":370,"column":24},"end":{"line":370,"column":48}},"141":{"start":{"line":371,"column":24},"end":{"line":371,"column":41}},"142":{"start":{"line":376,"column":18},"end":{"line":376,"column":29}},"143":{"start":{"line":382,"column":16},"end":{"line":404,"column":17}},"144":{"start":{"line":383,"column":18},"end":{"line":385,"column":73}},"145":{"start":{"line":387,"column":18},"end":{"line":393,"column":19}},"146":{"start":{"line":388,"column":20},"end":{"line":388,"column":59}},"147":{"start":{"line":390,"column":20},"end":{"line":392,"column":21}},"148":{"start":{"line":391,"column":22},"end":{"line":391,"column":42}},"149":{"start":{"line":395,"column":18},"end":{"line":403,"column":29}},"150":{"start":{"line":411,"column":14},"end":{"line":426,"column":17}},"151":{"start":{"line":412,"column":16},"end":{"line":425,"column":17}},"152":{"start":{"line":413,"column":18},"end":{"line":417,"column":28}},"153":{"start":{"line":421,"column":18},"end":{"line":421,"column":56}},"154":{"start":{"line":421,"column":30},"end":{"line":421,"column":54}},"155":{"start":{"line":423,"column":18},"end":{"line":423,"column":61}},"156":{"start":{"line":424,"column":18},"end":{"line":424,"column":35}},"157":{"start":{"line":434,"column":10},"end":{"line":440,"column":11}},"158":{"start":{"line":435,"column":12},"end":{"line":435,"column":43}},"159":{"start":{"line":435,"column":25},"end":{"line":435,"column":43}},"160":{"start":{"line":437,"column":12},"end":{"line":437,"column":48}},"161":{"start":{"line":437,"column":39},"end":{"line":437,"column":48}},"162":{"start":{"line":438,"column":17},"end":{"line":440,"column":11}},"163":{"start":{"line":439,"column":14},"end":{"line":439,"column":30}},"164":{"start":{"line":441,"column":15},"end":{"line":448,"column":9}},"165":{"start":{"line":447,"column":10},"end":{"line":447,"column":35}},"166":{"start":{"line":447,"column":23},"end":{"line":447,"column":35}},"167":{"start":{"line":450,"column":6},"end":{"line":450,"column":20}},"168":{"start":{"line":460,"column":2},"end":{"line":465,"column":3}},"169":{"start":{"line":461,"column":4},"end":{"line":461,"column":63}},"170":{"start":{"line":461,"column":37},"end":{"line":461,"column":61}},"171":{"start":{"line":463,"column":4},"end":{"line":463,"column":23}},"172":{"start":{"line":464,"column":4},"end":{"line":464,"column":27}},"173":{"start":{"line":472,"column":2},"end":{"line":486,"column":3}},"174":{"start":{"line":473,"column":4},"end":{"line":475,"column":5}},"175":{"start":{"line":474,"column":6},"end":{"line":474,"column":29}},"176":{"start":{"line":477,"column":4},"end":{"line":477,"column":52}},"177":{"start":{"line":479,"column":4},"end":{"line":483,"column":5}},"178":{"start":{"line":480,"column":6},"end":{"line":480,"column":69}},"179":{"start":{"line":481,"column":11},"end":{"line":483,"column":5}},"180":{"start":{"line":482,"column":6},"end":{"line":482,"column":18}},"181":{"start":{"line":485,"column":4},"end":{"line":485,"column":13}},"182":{"start":{"line":491,"column":2},"end":{"line":634,"column":4}},"183":{"start":{"line":498,"column":6},"end":{"line":498,"column":30}},"184":{"start":{"line":499,"column":6},"end":{"line":499,"column":31}},"185":{"start":{"line":500,"column":6},"end":{"line":500,"column":31}},"186":{"start":{"line":501,"column":6},"end":{"line":501,"column":18}},"187":{"start":{"line":511,"column":6},"end":{"line":511,"column":36}},"188":{"start":{"line":512,"column":6},"end":{"line":512,"column":37}},"189":{"start":{"line":522,"column":6},"end":{"line":522,"column":44}},"190":{"start":{"line":523,"column":6},"end":{"line":523,"column":37}},"191":{"start":{"line":532,"column":6},"end":{"line":532,"column":41}},"192":{"start":{"line":540,"column":6},"end":{"line":540,"column":38}},"193":{"start":{"line":541,"column":6},"end":{"line":541,"column":18}},"194":{"start":{"line":550,"column":6},"end":{"line":550,"column":34}},"195":{"start":{"line":551,"column":6},"end":{"line":551,"column":37}},"196":{"start":{"line":560,"column":6},"end":{"line":560,"column":34}},"197":{"start":{"line":561,"column":6},"end":{"line":561,"column":24}},"198":{"start":{"line":562,"column":6},"end":{"line":562,"column":37}},"199":{"start":{"line":571,"column":6},"end":{"line":571,"column":30}},"200":{"start":{"line":572,"column":6},"end":{"line":572,"column":30}},"201":{"start":{"line":573,"column":6},"end":{"line":573,"column":22}},"202":{"start":{"line":574,"column":6},"end":{"line":574,"column":37}},"203":{"start":{"line":585,"column":6},"end":{"line":585,"column":36}},"204":{"start":{"line":586,"column":6},"end":{"line":586,"column":37}},"205":{"start":{"line":595,"column":6},"end":{"line":595,"column":36}},"206":{"start":{"line":596,"column":6},"end":{"line":596,"column":35}},"207":{"start":{"line":606,"column":6},"end":{"line":606,"column":30}},"208":{"start":{"line":608,"column":6},"end":{"line":611,"column":7}},"209":{"start":{"line":609,"column":8},"end":{"line":609,"column":19}},"210":{"start":{"line":610,"column":8},"end":{"line":610,"column":25}},"211":{"start":{"line":616,"column":6},"end":{"line":626,"column":7}},"212":{"start":{"line":618,"column":8},"end":{"line":625,"column":9}},"213":{"start":{"line":619,"column":10},"end":{"line":619,"column":76}},"214":{"start":{"line":621,"column":10},"end":{"line":624,"column":12}},"215":{"start":{"line":628,"column":6},"end":{"line":628,"column":49}},"216":{"start":{"line":629,"column":6},"end":{"line":629,"column":20}},"217":{"start":{"line":630,"column":6},"end":{"line":630,"column":21}},"218":{"start":{"line":632,"column":6},"end":{"line":632,"column":35}},"219":{"start":{"line":640,"column":2},"end":{"line":640,"column":57}},"220":{"start":{"line":645,"column":2},"end":{"line":645,"column":53}},"221":{"start":{"line":646,"column":2},"end":{"line":646,"column":45}},"222":{"start":{"line":652,"column":2},"end":{"line":652,"column":21}},"223":{"start":{"line":657,"column":2},"end":{"line":660,"column":4}},"224":{"start":{"line":658,"column":4},"end":{"line":658,"column":28}},"225":{"start":{"line":659,"column":4},"end":{"line":659,"column":39}},"226":{"start":{"line":665,"column":2},"end":{"line":665,"column":23}}},"branchMap":{"1":{"line":1,"type":"cond-expr","locations":[{"start":{"line":1,"column":99},"end":{"line":1,"column":106}},{"start":{"line":1,"column":109},"end":{"line":1,"column":111}}]},"2":{"line":1,"type":"binary-expr","locations":[{"start":{"line":1,"column":14},"end":{"line":1,"column":43}},{"start":{"line":1,"column":47},"end":{"line":1,"column":61}},{"start":{"line":1,"column":65},"end":{"line":1,"column":95}}]},"3":{"line":14,"type":"binary-expr","locations":[{"start":{"line":14,"column":2},"end":{"line":14,"column":12}},{"start":{"line":14,"column":17},"end":{"line":22,"column":3}}]},"4":{"line":17,"type":"binary-expr","locations":[{"start":{"line":17,"column":6},"end":{"line":17,"column":11}},{"start":{"line":17,"column":16},"end":{"line":17,"column":28}},{"start":{"line":17,"column":32},"end":{"line":17,"column":44}}]},"5":{"line":21,"type":"cond-expr","locations":[{"start":{"line":21,"column":17},"end":{"line":21,"column":18}},{"start":{"line":21,"column":21},"end":{"line":21,"column":23}}]},"6":{"line":27,"type":"binary-expr","locations":[{"start":{"line":27,"column":2},"end":{"line":27,"column":15}},{"start":{"line":27,"column":20},"end":{"line":29,"column":3}}]},"7":{"line":40,"type":"binary-expr","locations":[{"start":{"line":40,"column":10},"end":{"line":40,"column":25}},{"start":{"line":40,"column":29},"end":{"line":40,"column":32}}]},"8":{"line":45,"type":"if","locations":[{"start":{"line":45,"column":4},"end":{"line":45,"column":4}},{"start":{"line":45,"column":4},"end":{"line":45,"column":4}}]},"9":{"line":45,"type":"binary-expr","locations":[{"start":{"line":45,"column":8},"end":{"line":45,"column":23}},{"start":{"line":45,"column":27},"end":{"line":45,"column":64}}]},"10":{"line":46,"type":"binary-expr","locations":[{"start":{"line":46,"column":35},"end":{"line":46,"column":40}},{"start":{"line":46,"column":44},"end":{"line":46,"column":46}}]},"11":{"line":46,"type":"binary-expr","locations":[{"start":{"line":46,"column":48},"end":{"line":46,"column":55}},{"start":{"line":46,"column":59},"end":{"line":46,"column":61}}]},"12":{"line":52,"type":"if","locations":[{"start":{"line":52,"column":4},"end":{"line":52,"column":4}},{"start":{"line":52,"column":4},"end":{"line":52,"column":4}}]},"13":{"line":57,"type":"binary-expr","locations":[{"start":{"line":57,"column":67},"end":{"line":57,"column":77}},{"start":{"line":57,"column":81},"end":{"line":57,"column":90}}]},"14":{"line":58,"type":"binary-expr","locations":[{"start":{"line":58,"column":25},"end":{"line":58,"column":34}},{"start":{"line":58,"column":38},"end":{"line":58,"column":46}}]},"15":{"line":62,"type":"cond-expr","locations":[{"start":{"line":62,"column":34},"end":{"line":62,"column":40}},{"start":{"line":62,"column":43},"end":{"line":62,"column":52}}]},"16":{"line":75,"type":"if","locations":[{"start":{"line":75,"column":6},"end":{"line":75,"column":6}},{"start":{"line":75,"column":6},"end":{"line":75,"column":6}}]},"17":{"line":76,"type":"if","locations":[{"start":{"line":76,"column":6},"end":{"line":76,"column":6}},{"start":{"line":76,"column":6},"end":{"line":76,"column":6}}]},"18":{"line":78,"type":"if","locations":[{"start":{"line":78,"column":6},"end":{"line":78,"column":6}},{"start":{"line":78,"column":6},"end":{"line":78,"column":6}}]},"19":{"line":79,"type":"cond-expr","locations":[{"start":{"line":79,"column":49},"end":{"line":79,"column":51}},{"start":{"line":79,"column":54},"end":{"line":79,"column":55}}]},"20":{"line":81,"type":"if","locations":[{"start":{"line":81,"column":6},"end":{"line":81,"column":6}},{"start":{"line":81,"column":6},"end":{"line":81,"column":6}}]},"21":{"line":82,"type":"cond-expr","locations":[{"start":{"line":82,"column":41},"end":{"line":82,"column":43}},{"start":{"line":82,"column":46},"end":{"line":82,"column":47}}]},"22":{"line":84,"type":"if","locations":[{"start":{"line":84,"column":6},"end":{"line":84,"column":6}},{"start":{"line":84,"column":6},"end":{"line":84,"column":6}}]},"23":{"line":84,"type":"binary-expr","locations":[{"start":{"line":84,"column":10},"end":{"line":84,"column":31}},{"start":{"line":84,"column":35},"end":{"line":84,"column":56}}]},"24":{"line":87,"type":"if","locations":[{"start":{"line":87,"column":6},"end":{"line":87,"column":6}},{"start":{"line":87,"column":6},"end":{"line":87,"column":6}}]},"25":{"line":110,"type":"binary-expr","locations":[{"start":{"line":110,"column":8},"end":{"line":110,"column":15}},{"start":{"line":110,"column":19},"end":{"line":110,"column":43}}]},"26":{"line":112,"type":"if","locations":[{"start":{"line":112,"column":4},"end":{"line":112,"column":4}},{"start":{"line":112,"column":4},"end":{"line":112,"column":4}}]},"27":{"line":119,"type":"if","locations":[{"start":{"line":119,"column":2},"end":{"line":119,"column":2}},{"start":{"line":119,"column":2},"end":{"line":119,"column":2}}]},"28":{"line":179,"type":"if","locations":[{"start":{"line":179,"column":6},"end":{"line":179,"column":6}},{"start":{"line":179,"column":6},"end":{"line":179,"column":6}}]},"29":{"line":184,"type":"if","locations":[{"start":{"line":184,"column":10},"end":{"line":184,"column":10}},{"start":{"line":184,"column":10},"end":{"line":184,"column":10}}]},"30":{"line":194,"type":"if","locations":[{"start":{"line":194,"column":13},"end":{"line":194,"column":13}},{"start":{"line":194,"column":13},"end":{"line":194,"column":13}}]},"31":{"line":212,"type":"if","locations":[{"start":{"line":212,"column":6},"end":{"line":212,"column":6}},{"start":{"line":212,"column":6},"end":{"line":212,"column":6}}]},"32":{"line":222,"type":"binary-expr","locations":[{"start":{"line":222,"column":14},"end":{"line":222,"column":18}},{"start":{"line":222,"column":22},"end":{"line":222,"column":24}}]},"33":{"line":223,"type":"binary-expr","locations":[{"start":{"line":223,"column":13},"end":{"line":223,"column":17}},{"start":{"line":223,"column":21},"end":{"line":223,"column":23}}]},"34":{"line":231,"type":"binary-expr","locations":[{"start":{"line":231,"column":21},"end":{"line":231,"column":24}},{"start":{"line":231,"column":28},"end":{"line":231,"column":57}}]},"35":{"line":238,"type":"binary-expr","locations":[{"start":{"line":238,"column":28},"end":{"line":238,"column":31}},{"start":{"line":238,"column":35},"end":{"line":238,"column":43}},{"start":{"line":238,"column":47},"end":{"line":238,"column":62}}]},"36":{"line":253,"type":"if","locations":[{"start":{"line":253,"column":8},"end":{"line":253,"column":8}},{"start":{"line":253,"column":8},"end":{"line":253,"column":8}}]},"37":{"line":253,"type":"binary-expr","locations":[{"start":{"line":253,"column":12},"end":{"line":253,"column":21}},{"start":{"line":253,"column":25},"end":{"line":253,"column":30}},{"start":{"line":253,"column":34},"end":{"line":253,"column":44}}]},"38":{"line":256,"type":"if","locations":[{"start":{"line":256,"column":15},"end":{"line":256,"column":15}},{"start":{"line":256,"column":15},"end":{"line":256,"column":15}}]},"39":{"line":256,"type":"binary-expr","locations":[{"start":{"line":256,"column":19},"end":{"line":256,"column":28}},{"start":{"line":256,"column":32},"end":{"line":256,"column":38}}]},"40":{"line":260,"type":"if","locations":[{"start":{"line":260,"column":15},"end":{"line":260,"column":15}},{"start":{"line":260,"column":15},"end":{"line":260,"column":15}}]},"41":{"line":260,"type":"binary-expr","locations":[{"start":{"line":260,"column":19},"end":{"line":260,"column":28}},{"start":{"line":260,"column":32},"end":{"line":260,"column":37}}]},"42":{"line":265,"type":"if","locations":[{"start":{"line":265,"column":10},"end":{"line":265,"column":10}},{"start":{"line":265,"column":10},"end":{"line":265,"column":10}}]},"43":{"line":276,"type":"if","locations":[{"start":{"line":276,"column":10},"end":{"line":276,"column":10}},{"start":{"line":276,"column":10},"end":{"line":276,"column":10}}]},"44":{"line":2
[...]
hout closing","    // separators. So we need to detect these elements based on the tag name.","    //","    selfClosing: /^(area|base|br|col|command|embed|hr|img|input|keygen|link|meta|param|source|track|wbr)$/,","","    //","    // ### function hasClass(str, className)","    // #### @str {String} the class attribute","    // #### @className {String} the className that the classAttribute should contain","    //","    // Helper function for detecting if a class attribute contains the className","    //","    hasClass: function hasClass(str, className) {","      return ~str.split(' ').indexOf(className);","    },","","    //","    // ### function iterate(html, value, components, tagname, key)","    // #### @html {String} peice of HTML","    // #### @value {Mixed} iterateable object with data","    // #### @components {Array} result of the this.tag regexp execution","    // #### @tagname {String} the name of the tag that we iterate on","    // #### @key {String} the key of the data that we need to extract from the value","    // #### @map {Object} attribute mappings","    //","    // Iterate over over the supplied HTML.","    //","    iterate: function iterate(html, value, components, tagname, key, map) {","      var output  = '',","          segment = matchClosing(components.input, tagname, html),","          data = {};","","      // Is it an array?","      if (Array.isArray(value)) {","        // Yes: set the output to the result of iterating through the array","        for (var i = 0, l = value.length; i < l; i++) {","          // If there is a key, then we have a simple object and","          // must construct a simple object to use as the data","          if (key) {","            data[key] = value[i];","          } else {","            data = value[i];","          }","","          output += this.bind(segment, data, map);","        }","","        return output;","      } else if (typeof value === 'object') {","        // We need to refine the selection now that we know we're dealing with a","        // nested object","        segment = segment.slice(components.input.length, -(tagname.length + 3));","        return output += this.bind(segment, value, map);","      }","","      return value;","    },","","    //","    // ### function bind(html, data, map)","    // #### @html {String} the template that we need to modify","    // #### @data {Object} data for the template","    // #### @map {Mapper} instructions for the data placement in the template","    // Process the actual template","    //","    bind: function bind(html, data, map) {","      if (Array.isArray(data)) {","        var output = '';","","        for (var i = 0, l = data.length; i<l; i++) {","          output += this.bind(html, data[i], map);","        }","","        return output;","      }","","      html = (html || '').toString();","      data = data || {};","","      var that = this;","","      var openers = 0,","          remove = 0,","          components,","          attributes,","          mappings = map && compileMappings(map.mappings),","          intag = false,","          tagname = '',","          isClosing = false,","          isSelfClosing = false,","          selfClosing = false,","          matchmode = false,","          createAttribute = map && map.conf && map.conf.create,","          closing,","          tagbody;","","      var c,","          buffer = '',","          left;","","      for (var i = 0, l = html.length; i < l; i++) {","        c = html.charAt(i);","","        //","        // Figure out which part of the HTML we are currently processing. And if","        // we have queued up enough HTML to process it's data.","        //","        if (c === '!' && intag && !matchmode) {","          intag = false;","          buffer += html.slice(left, i + 1);","        } else if (c === '<' && !intag) {","          closing = true;","          intag = true;","          left = i;","        } else if (c === '>' && intag) {","          intag = false;","          tagbody = html.slice(left, i + 1);","          components = this.tag.exec(tagbody);","","          if(!components) {","            intag = true;","            continue;","          }","","          isClosing = components[1];","          tagname = components[2];","          attributes = components[3];","          selfClosing = components[4];","          isSelfClosing = this.selfClosing.test(tagname);","","          if (matchmode) {","            //","            // and its a closing.","            //","            if (!!isClosing) {","              if (openers <= 0) {","                matchmode = false;","              } else {","                --openers;","              }","            } else if (!isSelfClosing) {","              //","              // and its not a self-closing tag","              //","              ++openers;","            }","          }","","          if (!isClosing && !matchmode) {","            //","            // if there is a match in progress and","            //","            if (mappings && mappings.length > 0) {","              for (var ii = mappings.length - 1; ii >= 0; ii--) {","                var setAttribute = false","                  , mapping = mappings[ii]","                  , shouldSetAttribute = mapping.re && attributes.match(mapping.re);","","                //","                // check if we are targetting a element only or attributes","                //","                if ('tag' in mapping && !this.attr.test(tagbody) && mapping.tag === tagname) {","                  tagbody = tagbody + fetch(data, mapping, '', tagbody);","                  continue;","                }","","                tagbody = tagbody.replace(this.attr, function(str, key, q, value, a) {","                  var newdata;","","                  if (shouldSetAttribute && mapping.replace !== key || remove) {","                    return str;","                  } else if (shouldSetAttribute || typeof mapping.replacePartial1 !== 'undefined') {","                    setAttribute = true;","","                    //","                    // determine if we should use the replace argument or some value from the data object.","                    //","                    if (typeof mapping.replacePartial2 !== 'undefined') {","                      newdata = value.replace(mapping.replacePartial1, mapping.replacePartial2);","                    } else if (typeof mapping.replacePartial1 !== 'undefined' && mapping.dataKey) {","                      newdata = value.replace(mapping.replacePartial1, fetch(data, mapping, value, tagbody, key));","                    } else {","                      newdata = fetch(data, mapping, value, tagbody, key);","                    }","","                    return key + '=\"' + (newdata || '') + '\"';","                  } else if (!mapping.replace && mapping.attribute === key) {","                    if (","                      mapping.value === value ||","                      that.hasClass(value, mapping.value ||","                      mappings.conf.where === key) ||","                      (_toString.call(mapping.value) === '[object RegExp]' &&","                        mapping.value.exec(value) !== null)","                    ) {","                      if (mapping.remove) {","                        //","                        // only increase the remove counter if it's not a self","                        // closing element. As matchmode is suffectient to","                        // remove tose","                        //","                        if (!isSelfClosing) remove++;","                        matchmode = true;","                      } else if (mapping.plates) {","                        var partial = that.bind(","                            mapping.plates","                          , typeof mapping.data === 'string' ? fetch(data, { dataKey: mapping.data }) : mapping.data || data","                          , mapping.mapper","                        );","","                        buffer += tagbody + that.iterate(html, partial, components, tagname, undefined, map);","                        matchmode = true;","                      } else {","                        var v = newdata = fetch(data, mapping, value, tagbody, key);","                        newdata = tagbody + newdata;","","                        if (Array.isArray(v)) {","                          newdata = that.iterate(html, v, components, tagname, value, map);","                          // If the item is an array, then we need to tell","                          // Plates that we're dealing with nests","                          that.nest.push(tagname);","                        } else if (typeof v === 'object') {","                          newdata = tagbody + that.iterate(html, v, components, tagname, value, map);","                        }","","                        buffer += newdata || '';","                        matchmode = true;","                      }","                    }","                  }","","                  return str;","                });","","                //","                // Do we need to create the attributes if they don't exist.","                //","                if (createAttribute && shouldSetAttribute && !setAttribute) {","                  var spliced = selfClosing ? 2 : 1","                    , close = selfClosing ? '/>': '>'","                    , left = tagbody.substr(0, tagbody.length - spliced);","","                  if (left[left.length - 1] === ' ') {","                    left = left.substr(0, left.length - 1);","","                    if (selfClosing) {","                      close = ' ' + close;","                    }","                  }","","                  tagbody = [","                    left,","                    ' ',","                    mapping.replace,","                    '=\"',","                    fetch(data, mapping),","                    '\"',","                    close","                  ].join('');","                }","              }","            } else {","              //","              // if there is no map, we are just looking to match","              // the specified id to a data key in the data object.","              //","              tagbody.replace(this.attr, function (attr, key, q, value, idx) {","                if (key === map && map.conf.where || 'id' && data[value]) {","                  var v = data[value],","                      nest = Array.isArray(v),","                      output = nest || typeof v === 'object'","                        ? that.iterate(html.substr(left), v, components, tagname, value, map)","                        : v;","","                  // If the item is an array, then we need to tell","                  // Plates that we're dealing with nests","                  if (nest) { that.nest.push(tagname); }","","                  buffer += nest ? output : tagbody + output;","                  matchmode = true;","                }","              });","            }","          }","","          //","          // if there is currently no match in progress","          // just write the tagbody to the buffer.","          //","          if (!matchmode && that.nest.length === 0) {","            if (!remove) buffer += tagbody;","","            if (remove && !!isClosing) --remove;","          } else if (!matchmode && that.nest.length) {","              this.nest.pop();","          }","        } else if (!intag && !matchmode) {","          //","          // currently not inside a tag and there is no","          // match in progress, we can write the char to","          // the buffer.","          //","          if (!remove) buffer += c;","        }","      }","      return buffer;","    }","  };","","  //","  // ### function Mapper(conf)","  // #### @conf {Object} configuration object","  // Constructor function for the Mapper instance that is responsible for","  // providing the mapping for the data structure","  //","  function Mapper(conf) {","    if (!(this instanceof Mapper)) { return new Mapper(conf); }","","    this.mappings = [];","    this.conf = conf || {};","  }","","  //","  // ### function last(newitem)","  // #### @newitem {Boolean} do we need to add a new item to the mapping","  // Helper function for adding new attribute maps to a Mapper instance","  //","  function last(newitem) {","    if (newitem) {","      this.mappings.push({});","    }","","    var m = this.mappings[this.mappings.length - 1];","","    if (m && m.attribute && m.value && m.dataKey && m.replace) {","      m.re = new RegExp(m.attribute + '=([\\'\"]?)' + m.value + '\\\\1');","    } else if (m) {","      delete m.re;","    }","","    return m;","  }","","  //","  // Create the actual chainable methods: where('class').is('foo').insert('bla')","  //","  Mapper.prototype = {","    //","    // ### function replace(val1, val2)","    // #### @val1 {String|RegExp} The part of the attribute that needs to be replaced","    // #### @val2 {String} The value it should be replaced with","    //","    replace: function replace(val1, val2) {","      var l = last.call(this);","      l.replacePartial1 = val1;","      l.replacePartial2 = val2;","      return this;","    },","","    //","    // ### function use(val)","    // #### @val {String} A string that represents a key.","    // Data will be inserted into the attribute that was specified in the","    // `where` clause.","    //","    use: function use(val) {","      last.call(this).dataKey = val;","      return last.call(this) && this;","    },","","    //","    // ### function where(val)","    // #### @val {String} an attribute that may be found in a tag","    // This method will initiate a clause. Once a clause has been established","    // other member methods will be chained to each other in any order.","    //","    where: function where(val) {","      last.call(this, true).attribute = val;","      return last.call(this) && this;","    },","","    //","    // ### function class(val)","    // #### @val {String} a value that may be found in the `class` attribute of a tag","    // the method name should be wrapped in quotes or it will throw errors in IE.","    //","    'class': function className(val) {","      return this.where('class').is(val);","    },","","    //","    // ### function tag(val)","    // #### @val {String} the name of the tag should be found","    //","    tag: function tag(val) {","      last.call(this, true).tag = val;","      return this;","    },","","    //","    // ### function is(val)","    // #### @val {string} The value of the attribute that was specified in the","    // `where` clause.","    //","    is: function is(val) {","      last.call(this).value = val;","      return last.call(this) && this;","    },","","    //","    // ### function has(val)","    // #### @val {String|RegExp} The value of the attribute that was specified","    // in the `where` clause.","    //","    has: function has(val) {","      last.call(this).value = val;","      this.replace(val);","      return last.call(this) && this;","    },","","    //","    // ### function insert(val)","    // #### @val {String} A string that represents a key. Data will be inserted","    // in to the attribute that was specified in the `where` clause.","    //","    insert: function insert(val) {","      var l = last.call(this);","      l.replace = l.attribute;","      l.dataKey = val;","      return last.call(this) && this;","    },","","    //","    // ### function as(val)","    // #### @val {String} A string that represents an attribute in the tag.","    // If there is no attribute by that name name found, one may be created","    // depending on the options that where passed in the `Plates.Map`","    // constructor.","    //","    as: function as(val) {","      last.call(this).replace = val;","      return last.call(this) && this;","    },","","    //","    // ### function remove()","    // This will remove the element that was specified in the `where` clause","    // from the template.","    //","    remove: function remove() {","      last.call(this).remove = true;","      return last.call(this, true);","    },","","    //","    // ### function append(plates, data, map)","    // #### @plates {String} Template or path/id of the template","    // #### @data {Object|String} data for the appended template","    // #### @map {Plates.Map} mapping for the data","    //","    append: function append(plates, data, map) {","      var l = last.call(this);","","      if (data instanceof Mapper) {","        map = data;","        data = undefined;","      }","","      // If the supplied plates template doesn't contain any HTML it's most","      // likely that we need to import it. To improve performance we will cache","      // the result of the file system.","      if (!/<[^<]+?>/.test(plates) && !exports.cache[plates]) {","        // figure out if we are running in Node.js or a browser","        if ('document' in env && 'getElementById' in env.document) {","          exports.cache[plates] = document.getElementById(plates).innerHTML;","        } else {","          exports.cache[plates] = require('fs').readFileSync(","            require('path').join(process.cwd(), plates),","            'utf8'","          );","        }","      }","","      l.plates = exports.cache[plates] || plates;","      l.data = data;","      l.mapper = map;","","      return last.call(this, true);","    }","  };","","  //","  // Provide helpful aliases that well help with increased compatibility as not","  // all browsers allow the Mapper#class prototype (IE).","  //","  Mapper.prototype.className = Mapper.prototype['class'];","","  //","  // Aliases of different methods.","  //","  Mapper.prototype.partial = Mapper.prototype.append;","  Mapper.prototype.to = Mapper.prototype.use;","","  //","  // Expose a simple cache object so people can clear the cached partials if","  // they want to.","  //","  exports.cache = {};","","  //","  // Expose the Plates#bind interface.","  //","  exports.bind = function bind(html, data, map) {","    var merge = new Merge();","    return merge.bind(html, data, map);","  };","","  //","  // Expose the Mapper.","  //","  exports.Map = Mapper;","}(Plates, this);",""],"l":{"1":1,"3":1,"9":1,"14":1,"15":0,"21":0,"27":1,"28":0,"39":1,"40":0,"45":0,"46":0,"52":0,"54":0,"57":0,"58":0,"59":0,"62":0,"71":1,"72":0,"74":0,"75":0,"76":0,"78":0,"79":0,"81":0,"82":0,"84":0,"85":0,"87":0,"88":0,"90":0,"93":0,"99":1,"100":0,"107":0,"108":0,"110":0,"111":0,"112":0,"113":0,"114":0,"115":0,"116":0,"119":0,"120":0,"123":0,"126":1,"127":1,"159":0,"174":0,"179":0,"181":0,"184":0,"185":0,"187":0,"190":0,"193":0,"194":0,"197":0,"198":0,"201":0,"212":0,"213":0,"215":0,"216":0,"219":0,"222":0,"223":0,"225":0,"227":0,"242":0,"246":0,"247":0,"253":0,"254":0,"255":0,"256":0,"257":0,"258":0,"259":0,"260":0,"261":0,"262":0,"263":0,"265":0,"266":0,"267":0,"270":0,"271":0,"272":0,"273":0,"274":0,"276":0,"280":0,"281":0,"282":0,"284":0,"286":0,"290":0,"294":0,"298":0,"299":0,"300":0,"307":0,"308":0,"309":0,"312":0,"313":0,"315":0,"316":0,"317":0,"318":0,"323":0,"324":0,"325":0,"326":0,"328":0,"331":0,"332":0,"333":0,"340":0,"346":0,"347":0,"348":0,"349":0,"355":0,"356":0,"358":0,"359":0,"361":0,"362":0,"365":0,"366":0,"367":0,"370":0,"371":0,"376":0,"382":0,"383":0,"387":0,"388":0,"390":0,"391":0,"395":0,"411":0,"412":0,"413":0,"421":0,"423":0,"424":0,"434":0,"435":0,"437":0,"438":0,"439":0,"441":0,"447":0,"450":0,"460":1,"461":0,"463":0,"464":0,"472":1,"473":0,"474":0,"477":0,"479":0,"480":0,"481":0,"482":0,"485":0,"491":1,"498":0,"499":0,"500":0,"501":0,"511":0,"512":0,"522":0,"523":0,"532":0,"540":0,"541":0,"550":0,"551":0,"560":0,"561":0,"562":0,"571":0,"572":0,"573":0,"574":0,"585":0,"586":0,"595":0,"596":0,"606":0,"608":0,"609":0,"610":0,"616":0,"618":0,"619":0,"621":0,"628":0,"629":0,"630":0,"632":0,"640":1,"645":1,"646":1,"652":1,"657":1,"658":0,"659":0,"665":1}}}